Start testing: Feb 28 17:28 MSK
----------------------------------------------------------
1/8 Testing: Two_queues.Main_test_ints
1/8 Test: Two_queues.Main_test_ints
Command: ""
Directory: /Users/xmickos/Desktop/govno.jopa.kosmos/Programming/Vladimirov/2Q_Cache/build
"Two_queues.Main_test_ints" start time: 
Output:
----------------------------------------------------------
<end of output>
Test time =   0.00 sec
----------------------------------------------------------
Test Passed.
"Two_queues.Main_test_ints" end time: Feb 28 17:28 MSK
"Two_queues.Main_test_ints" time elapsed: 00:00:00
----------------------------------------------------------

2/8 Testing: Two_queues.Main_test_doubles
2/8 Test: Two_queues.Main_test_doubles
Command: ""
Directory: /Users/xmickos/Desktop/govno.jopa.kosmos/Programming/Vladimirov/2Q_Cache/build
"Two_queues.Main_test_doubles" start time: 
Output:
----------------------------------------------------------
<end of output>
Test time =   0.00 sec
----------------------------------------------------------
Test Passed.
"Two_queues.Main_test_doubles" end time: Feb 28 17:28 MSK
"Two_queues.Main_test_doubles" time elapsed: 00:00:00
----------------------------------------------------------

3/8 Testing: Two_queues.Fifo_isolated
3/8 Test: Two_queues.Fifo_isolated
Command: ""
Directory: /Users/xmickos/Desktop/govno.jopa.kosmos/Programming/Vladimirov/2Q_Cache/build
"Two_queues.Fifo_isolated" start time: 
Output:
----------------------------------------------------------
<end of output>
Test time =   0.00 sec
----------------------------------------------------------
Test Passed.
"Two_queues.Fifo_isolated" end time: Feb 28 17:28 MSK
"Two_queues.Fifo_isolated" time elapsed: 00:00:00
----------------------------------------------------------

4/8 Testing: Two_queues.unordered_multimap
4/8 Test: Two_queues.unordered_multimap
Command: ""
Directory: /Users/xmickos/Desktop/govno.jopa.kosmos/Programming/Vladimirov/2Q_Cache/build
"Two_queues.unordered_multimap" start time: 
Output:
----------------------------------------------------------
<end of output>
Test time =   0.00 sec
----------------------------------------------------------
Test Passed.
"Two_queues.unordered_multimap" end time: Feb 28 17:28 MSK
"Two_queues.unordered_multimap" time elapsed: 00:00:00
----------------------------------------------------------

5/8 Testing: Two_queues.LRU_isolated
5/8 Test: Two_queues.LRU_isolated
Command: ""
Directory: /Users/xmickos/Desktop/govno.jopa.kosmos/Programming/Vladimirov/2Q_Cache/build
"Two_queues.LRU_isolated" start time: 
Output:
----------------------------------------------------------
<end of output>
Test time =   0.00 sec
----------------------------------------------------------
Test Passed.
"Two_queues.LRU_isolated" end time: Feb 28 17:28 MSK
"Two_queues.LRU_isolated" time elapsed: 00:00:00
----------------------------------------------------------

6/8 Testing: Two_queues.next_func
6/8 Test: Two_queues.next_func
Command: ""
Directory: /Users/xmickos/Desktop/govno.jopa.kosmos/Programming/Vladimirov/2Q_Cache/build
"Two_queues.next_func" start time: 
Output:
----------------------------------------------------------
<end of output>
Test time =   0.00 sec
----------------------------------------------------------
Test Passed.
"Two_queues.next_func" end time: Feb 28 17:28 MSK
"Two_queues.next_func" time elapsed: 00:00:00
----------------------------------------------------------

7/8 Testing: Two_queues.Perfect_caching
7/8 Test: Two_queues.Perfect_caching
Command: "/Users/xmickos/Desktop/govno.jopa.kosmos/Programming/Vladimirov/2Q_Cache/build/2q_tests" "--gtest_filter=Two_queues.Perfect_caching" "--gtest_also_run_disabled_tests"
Directory: /Users/xmickos/Desktop/govno.jopa.kosmos/Programming/Vladimirov/2Q_Cache/build
"Two_queues.Perfect_caching" start time: Feb 28 17:28 MSK
Output:
----------------------------------------------------------
Running main() from /Users/xmickos/Desktop/govno.jopa.kosmos/Programming/Vladimirov/2Q_Cache/build/_deps/googletest-src/googletest/src/gtest_main.cc
Note: Google Test filter = Two_queues.Perfect_caching
[==========] Running 1 test from 1 test suite.
[----------] Global test environment set-up.
[----------] 1 test from Two_queues
[ RUN      ] Two_queues.Perfect_caching
			///////\\\\
CACHE_SIZE: 10 & 3
INPUT:
7 4 8 8 10 2 9 8 8 4 0 5 12 2 12 8 7 4 10 7 3 4 9 2 10 
3 9 3 11 10 7 11 2 7 5 3 4 4 9 6 7 2 13 6 5 5 8 1 9 7 
11 8 13 4 13 5 9 11 0 13 7 1 9 14 11 13 12 3 3 13 13 1 10 13 0 
4 8 6 5 14 0 4 9 1 2 5 0 14 6 3 3 8 5 7 12 11 1 12 8 9 
6 12 11 8 2 8 7 12 9 9 14 11 5 0 0 8 7 4 8 2 0 7 9 13 10 
3 8 10 1 12 7 10 7 7 7 6 0 7 6 11 5 6 8 12 1 5 5 4 5 1 
2 13 0 9 9 8 4 5 10 6 3 11 8 5 3 4 0 14 1 4 11 9 13 3 4 
10 5 9 13 12 10 7 2 9 2 0 1 10 13 10 14 8 10 0 0 14 7 11 9 12 
9 10 8 11 12 0 1 8 14 7 3 7 5 5 2 6 3 7 1 0 10 8 5 6 12 
4 4 6 6 1 7 5 14 4 5 9 7 0 13 14 5 10 0 6 3 7 11 13 9 6 
9 8 3 2 6 9 3 11 6 4 14 10 14 0 4 13 4 10 12 0 12 0 5 11 14 
12 3 9 5 0 1 2 4 12 14 11 13 0 8 14 9 4 3 13 2 12 8 2 0 6 
8 4 10 11 0 9 5 0 1 8 0 3 2 11 8 6 2 1 8 9 9 12 8 11 10 
7 13 2 6 8 9 3 12 4 3 0 4 5 10 12 5 10 0 6 7 8 0 1 10 12 
8 14 8 5 9 13 12 0 9 10 8 12 7 13 4 12 12 14 0 3 3 3 3 10 8 
4 6 5 14 12 3 13 12 10 0 6 10 13 5 10 3 8 8 11 10 4 5 4 2 4 
4 7 14 11 0 4 13 10 0 13 5 1 9 8 6 14 0 1 11 9 9 8 6 6 9 
5 8 6 5 8 6 6 5 0 13 14 14 3 5 5 2 3 13 2 13 0 9 0 7 1 
0 6 5 8 3 5 5 2 8 2 2 6 5 5 14 12 11 12 14 5 11 12 8 2 0 
4 5 8 5 1 14 4 10 4 13 14 1 11 4 5 3 7 0 6 10 2 12 4 8 6 
6 11 11 1 13 6 11 0 0 10 8 3 2 10 1 8 4 13 7 7 5 11 7 11 11 
10 9 11 7 1 13 9 3 1 6 5 10 1 5 3 1 0 6 4 5 12 6 8 5 4 
2 9 11 1 6 1 12 5 4 6 0 8 6 14 13 13 4 10 2 9 8 4 0 3 13 
14 9 2 0 4 10 11 0 3 8 0 1 12 9 1 7 0 10 0 0 2 5 12 2 4 
12 0 3 4 9 4 4 6 5 14 13 8 0 9 5 7 11 8 8 8 11 1 14 1 2 
13 4 12 0 0 2 14 9 14 9 12 4 5 5 6 6 10 14 11 3 13 13 14 14 3 
14 10 11 2 14 10 11 4 6 5 13 2 12 1 4 2 7 10 14 10 7 12 4 12 6 
8 7 14 9 8 8 2 6 2 1 6 7 11 10 10 9 10 1 12 13 2 2 4 1 8 
2 1 10 8 14 14 4 1 5 1 3 12 1 9 5 10 3 14 10 3 11 1 7 11 4 
1 14 5 1 11 2 3 13 12 0 8 6 14 6 14 11 4 6 1 0 7 4 5 4 3 
6 7 9 14 2 10 11 1 5 2 7 12 14 4 12 12 2 5 4 0 12 11 11 0 14 
2 4 11 10 7 3 4 4 3 0 11 5 6 6 11 0 11 12 5 3 0 13 7 14 11 
3 6 5 8 0 9 7 4 3 13 9 0 5 0 14 14 3 3 2 7 1 4 5 10 0 
3 6 12 1 2 6 4 13 6 8 5 13 6 4 3 9 6 5 9 4 5 10 10 13 12 
3 7 4 3 13 5 0 5 6 12 0 7 13 3 12 11 9 0 10 3 7 3 13 9 10 
2 14 10 4 13 5 0 3 0 5 4 0 1 1 11 11 9 13 14 12 9 13 5 7 10 
8 14 12 10 5 2 0 2 11 13 7 13 14 0 13 8 3 6 5 0 8 0 9 12 6 
11 11 1 4 9 6 9 12 13 14 4 4 13 11 10 8 2 9 8 14 13 11 2 3 3 
9 14 14 11 11 7 8 14 13 4 0 6 13 4 11 4 12 4 14 4 6 14 1 2 10 
14 7 13 11 5 1 4 0 1 2 13 13 5 12 12 4 6 5 1 7 8 7 1 6 10 
Trying to update LRU with 8
In LRU finded elem 8
All htable elems: 8(8) 
Trying to update LRU with 8
In LRU finded elem 8
All htable elems: 2(2) 4(4) 8(8) 
Trying to update LRU with 4
In LRU finded elem 4
All htable elems: 8(8) 7(7) 2(2) 4(4) 
Trying to update LRU with 7
In LRU finded elem 7
All htable elems: 10(10) 4(4) 8(8) 7(7) 2(2) 
Trying to update LRU with 4
In LRU finded elem 4
All htable elems: 10(10) 4(4) 8(8) 7(7) 2(2) 
Trying to update LRU with 2
In LRU finded elem 2
All htable elems: 9(9) 4(4) 10(10) 8(8) 7(7) 2(2) 
Trying to update LRU with 10
In LRU finded elem 10
All htable elems: 2(2) 9(9) 4(4) 10(10) 8(8) 7(7) 
Trying to update LRU with 9
In LRU finded elem 9
All htable elems: 10(10) 2(2) 9(9) 4(4) 8(8) 7(7) 
Trying to update LRU with 10
In LRU finded elem 10
All htable elems: 9(9) 10(10) 2(2) 4(4) 8(8) 7(7) 
Trying to update LRU with 7
In LRU finded elem 7
All htable elems: 10(10) 9(9) 2(2) 4(4) 8(8) 7(7) 
Trying to update LRU with 2
In LRU finded elem 2
All htable elems: 7(7) 10(10) 9(9) 2(2) 4(4) 8(8) 
Trying to update LRU with 7
In LRU finded elem 7
All htable elems: 2(2) 7(7) 10(10) 9(9) 4(4) 8(8) 
Trying to update LRU with 4
In LRU finded elem 4
All htable elems: 3(3) 5(5) 7(7) 2(2) 10(10) 9(9) 4(4) 8(8) 
Trying to update LRU with 4
In LRU finded elem 4
All htable elems: 4(4) 3(3) 5(5) 7(7) 2(2) 10(10) 9(9) 8(8) 
Trying to update LRU with 9
In LRU finded elem 9
All htable elems: 4(4) 3(3) 5(5) 7(7) 2(2) 10(10) 9(9) 8(8) 
Trying to update LRU with 7
In LRU finded elem 7
All htable elems: 9(9) 4(4) 3(3) 5(5) 7(7) 2(2) 10(10) 8(8) 
Trying to update LRU with 2
In LRU finded elem 2
All htable elems: 7(7) 9(9) 4(4) 3(3) 5(5) 2(2) 10(10) 8(8) 
Trying to update LRU with 5
In LRU finded elem 5
All htable elems: 2(2) 7(7) 9(9) 4(4) 3(3) 5(5) 10(10) 8(8) 
Trying to update LRU with 5
In LRU finded elem 5
All htable elems: 5(5) 2(2) 7(7) 9(9) 4(4) 3(3) 10(10) 8(8) 
Trying to update LRU with 8
In LRU finded elem 8
All htable elems: 5(5) 2(2) 7(7) 9(9) 4(4) 3(3) 10(10) 8(8) 
Trying to update LRU with 9
In LRU finded elem 9
All htable elems: 8(8) 5(5) 2(2) 7(7) 9(9) 4(4) 3(3) 10(10) 
Trying to update LRU with 7
In LRU finded elem 7
All htable elems: 9(9) 8(8) 5(5) 2(2) 7(7) 4(4) 3(3) 10(10) 
Trying to update LRU with 8
In LRU finded elem 8
All htable elems: 11(11) 7(7) 9(9) 8(8) 5(5) 2(2) 4(4) 3(3) 10(10) 
Trying to update LRU with 4
In LRU finded elem 4
All htable elems: 8(8) 11(11) 7(7) 9(9) 5(5) 2(2) 4(4) 3(3) 10(10) 
Trying to update LRU with 5
In LRU finded elem 5
All htable elems: 4(4) 8(8) 11(11) 7(7) 9(9) 5(5) 2(2) 3(3) 10(10) 
Trying to update LRU with 9
In LRU finded elem 9
All htable elems: 5(5) 4(4) 8(8) 11(11) 7(7) 9(9) 2(2) 3(3) 10(10) 
Trying to update LRU with 11
In LRU finded elem 11
All htable elems: 9(9) 5(5) 4(4) 8(8) 11(11) 7(7) 2(2) 3(3) 10(10) 
Trying to update LRU with 7
In LRU finded elem 7
All htable elems: 0(0) 11(11) 9(9) 5(5) 4(4) 8(8) 7(7) 13(13) 2(2) 3(3) 
Trying to update LRU with 9
In LRU finded elem 9
All htable elems: 7(7) 0(0) 11(11) 9(9) 5(5) 4(4) 8(8) 13(13) 2(2) 3(3) 
Trying to update LRU with 11
In LRU finded elem 11
All htable elems: 9(9) 7(7) 0(0) 11(11) 5(5) 4(4) 8(8) 13(13) 2(2) 3(3) 
Trying to update LRU with 13
In LRU finded elem 13
All htable elems: 9(9) 7(7) 11(11) 0(0) 5(5) 4(4) 8(8) 13(13) 2(2) 3(3) 
Trying to update LRU with 13
In LRU finded elem 13
All htable elems: 12(12) 9(9) 7(7) 11(11) 0(0) 5(5) 4(4) 8(8) 13(13) 2(2) 
Trying to update LRU with 13
In LRU finded elem 13
All htable elems: 12(12) 9(9) 7(7) 11(11) 0(0) 5(5) 4(4) 8(8) 13(13) 2(2) 
Trying to update LRU with 13
In LRU finded elem 13
All htable elems: 1(1) 12(12) 9(9) 7(7) 11(11) 0(0) 5(5) 4(4) 8(8) 13(13) 
Trying to update LRU with 0
In LRU finded elem 0
All htable elems: 13(13) 1(1) 12(12) 9(9) 7(7) 11(11) 0(0) 5(5) 4(4) 8(8) 
Trying to update LRU with 4
In LRU finded elem 4
All htable elems: 13(13) 1(1) 12(12) 9(9) 7(7) 0(0) 11(11) 5(5) 4(4) 8(8) 
Trying to update LRU with 8
In LRU finded elem 8
All htable elems: 4(4) 13(13) 1(1) 12(12) 9(9) 7(7) 0(0) 11(11) 5(5) 8(8) 
Trying to update LRU with 0
In LRU finded elem 0
All htable elems: 14(14) 6(6) 8(8) 4(4) 13(13) 1(1) 12(12) 9(9) 0(0) 11(11) 
Trying to update LRU with 4
In LRU finded elem 4
All htable elems: 14(14) 6(6) 8(8) 4(4) 13(13) 1(1) 12(12) 9(9) 0(0) 11(11) 
Trying to update LRU with 9
In LRU finded elem 9
All htable elems: 4(4) 14(14) 6(6) 8(8) 13(13) 1(1) 12(12) 9(9) 0(0) 11(11) 
Trying to update LRU with 1
In LRU finded elem 1
All htable elems: 9(9) 4(4) 14(14) 6(6) 8(8) 13(13) 1(1) 12(12) 0(0) 11(11) 
Trying to update LRU with 0
In LRU finded elem 0
All htable elems: 9(9) 4(4) 14(14) 6(6) 8(8) 13(13) 1(1) 12(12) 0(0) 11(11) 
Trying to update LRU with 14
In LRU finded elem 14
All htable elems: 9(9) 4(4) 14(14) 6(6) 8(8) 13(13) 1(1) 12(12) 0(0) 11(11) 
Trying to update LRU with 6
In LRU finded elem 6
All htable elems: 14(14) 9(9) 4(4) 6(6) 8(8) 13(13) 1(1) 12(12) 0(0) 11(11) 
Trying to update LRU with 3
In LRU finded elem 3
All htable elems: 6(6) 3(3) 14(14) 9(9) 4(4) 8(8) 13(13) 1(1) 12(12) 0(0) 
Trying to update LRU with 8
In LRU finded elem 8
All htable elems: 6(6) 3(3) 14(14) 9(9) 4(4) 8(8) 13(13) 1(1) 12(12) 0(0) 
Trying to update LRU with 12
In LRU finded elem 12
All htable elems: 8(8) 6(6) 3(3) 14(14) 9(9) 4(4) 13(13) 1(1) 12(12) 0(0) 
Trying to update LRU with 1
In LRU finded elem 1
All htable elems: 8(8) 6(6) 3(3) 14(14) 9(9) 4(4) 13(13) 12(12) 1(1) 0(0) 
Trying to update LRU with 12
In LRU finded elem 12
All htable elems: 8(8) 6(6) 3(3) 14(14) 9(9) 4(4) 13(13) 1(1) 12(12) 0(0) 
Trying to update LRU with 8
In LRU finded elem 8
All htable elems: 8(8) 6(6) 3(3) 14(14) 9(9) 4(4) 13(13) 12(12) 1(1) 0(0) 
Trying to update LRU with 9
In LRU finded elem 9
All htable elems: 8(8) 6(6) 3(3) 14(14) 9(9) 4(4) 13(13) 12(12) 1(1) 0(0) 
Trying to update LRU with 6
In LRU finded elem 6
All htable elems: 9(9) 8(8) 6(6) 3(3) 14(14) 4(4) 13(13) 12(12) 1(1) 0(0) 
Trying to update LRU with 12
In LRU finded elem 12
All htable elems: 6(6) 9(9) 8(8) 3(3) 14(14) 4(4) 13(13) 12(12) 1(1) 0(0) 
Trying to update LRU with 8
In LRU finded elem 8
All htable elems: 6(6) 9(9) 8(8) 3(3) 14(14) 4(4) 13(13) 12(12) 1(1) 0(0) 
Trying to update LRU with 8
In LRU finded elem 8
All htable elems: 2(2) 8(8) 6(6) 9(9) 3(3) 14(14) 4(4) 12(12) 1(1) 0(0) 
Trying to update LRU with 12
In LRU finded elem 12
All htable elems: 8(8) 2(2) 6(6) 9(9) 3(3) 14(14) 4(4) 12(12) 1(1) 0(0) 
Trying to update LRU with 9
In LRU finded elem 9
All htable elems: 8(8) 2(2) 6(6) 9(9) 3(3) 14(14) 4(4) 12(12) 1(1) 0(0) 
Trying to update LRU with 9
In LRU finded elem 9
All htable elems: 9(9) 8(8) 2(2) 6(6) 3(3) 14(14) 4(4) 12(12) 1(1) 0(0) 
Trying to update LRU with 14
In LRU finded elem 14
All htable elems: 9(9) 8(8) 2(2) 6(6) 3(3) 14(14) 4(4) 12(12) 1(1) 0(0) 
Trying to update LRU with 0
In LRU finded elem 0
All htable elems: 5(5) 9(9) 8(8) 2(2) 6(6) 14(14) 3(3) 12(12) 1(1) 0(0) 
Trying to update LRU with 0
In LRU finded elem 0
All htable elems: 0(0) 5(5) 9(9) 8(8) 2(2) 6(6) 14(14) 3(3) 12(12) 1(1) 
Trying to update LRU with 8
In LRU finded elem 8
All htable elems: 0(0) 5(5) 9(9) 8(8) 2(2) 6(6) 14(14) 3(3) 12(12) 1(1) 
Trying to update LRU with 8
In LRU finded elem 8
All htable elems: 7(7) 8(8) 0(0) 5(5) 9(9) 2(2) 6(6) 14(14) 12(12) 1(1) 
Trying to update LRU with 2
In LRU finded elem 2
All htable elems: 8(8) 7(7) 0(0) 5(5) 9(9) 2(2) 6(6) 14(14) 12(12) 1(1) 
Trying to update LRU with 0
In LRU finded elem 0
All htable elems: 2(2) 8(8) 7(7) 0(0) 5(5) 9(9) 6(6) 14(14) 12(12) 1(1) 
Trying to update LRU with 7
In LRU finded elem 7
All htable elems: 0(0) 2(2) 8(8) 7(7) 5(5) 9(9) 6(6) 14(14) 12(12) 1(1) 
Trying to update LRU with 9
In LRU finded elem 9
All htable elems: 7(7) 0(0) 2(2) 8(8) 5(5) 9(9) 6(6) 14(14) 12(12) 1(1) 
Trying to update LRU with 8
In LRU finded elem 8
All htable elems: 10(10) 9(9) 7(7) 0(0) 13(13) 2(2) 8(8) 5(5) 14(14) 12(12) 
Trying to update LRU with 10
In LRU finded elem 10
All htable elems: 8(8) 10(10) 9(9) 7(7) 0(0) 13(13) 2(2) 5(5) 14(14) 12(12) 
Trying to update LRU with 12
In LRU finded elem 12
All htable elems: 10(10) 8(8) 9(9) 7(7) 0(0) 13(13) 2(2) 5(5) 14(14) 12(12) 
Trying to update LRU with 7
In LRU finded elem 7
All htable elems: 12(12) 10(10) 8(8) 9(9) 7(7) 0(0) 13(13) 2(2) 5(5) 14(14) 
Trying to update LRU with 10
In LRU finded elem 10
All htable elems: 7(7) 12(12) 10(10) 8(8) 9(9) 0(0) 13(13) 2(2) 5(5) 14(14) 
Trying to update LRU with 7
In LRU finded elem 7
All htable elems: 10(10) 7(7) 12(12) 8(8) 9(9) 0(0) 13(13) 2(2) 5(5) 14(14) 
Trying to update LRU with 7
In LRU finded elem 7
All htable elems: 7(7) 10(10) 12(12) 8(8) 9(9) 0(0) 13(13) 2(2) 5(5) 14(14) 
Trying to update LRU with 7
In LRU finded elem 7
All htable elems: 7(7) 10(10) 12(12) 8(8) 9(9) 0(0) 13(13) 2(2) 5(5) 14(14) 
Trying to update LRU with 0
In LRU finded elem 0
All htable elems: 7(7) 10(10) 12(12) 8(8) 9(9) 0(0) 13(13) 2(2) 5(5) 14(14) 
Trying to update LRU with 7
In LRU finded elem 7
All htable elems: 0(0) 7(7) 10(10) 12(12) 8(8) 9(9) 13(13) 2(2) 5(5) 14(14) 
Trying to update LRU with 5
In LRU finded elem 5
All htable elems: 7(7) 11(11) 0(0) 10(10) 12(12) 8(8) 9(9) 13(13) 2(2) 5(5) 
Trying to update LRU with 8
In LRU finded elem 8
All htable elems: 5(5) 7(7) 11(11) 0(0) 10(10) 12(12) 8(8) 9(9) 13(13) 2(2) 
Trying to update LRU with 12
In LRU finded elem 12
All htable elems: 8(8) 5(5) 7(7) 11(11) 0(0) 10(10) 12(12) 9(9) 13(13) 2(2) 
Trying to update LRU with 5
In LRU finded elem 5
All htable elems: 1(1) 12(12) 8(8) 5(5) 7(7) 11(11) 0(0) 10(10) 9(9) 13(13) 
Trying to update LRU with 5
In LRU finded elem 5
All htable elems: 5(5) 1(1) 12(12) 8(8) 7(7) 11(11) 0(0) 10(10) 9(9) 13(13) 
Trying to update LRU with 5
In LRU finded elem 5
All htable elems: 4(4) 5(5) 1(1) 12(12) 8(8) 7(7) 11(11) 0(0) 10(10) 13(13) 
Trying to update LRU with 1
In LRU finded elem 1
All htable elems: 5(5) 4(4) 1(1) 12(12) 8(8) 7(7) 11(11) 0(0) 10(10) 13(13) 
Trying to update LRU with 13
In LRU finded elem 13
All htable elems: 5(5) 4(4) 1(1) 12(12) 8(8) 7(7) 11(11) 0(0) 10(10) 13(13) 
Trying to update LRU with 0
In LRU finded elem 0
All htable elems: 13(13) 5(5) 4(4) 1(1) 12(12) 8(8) 7(7) 11(11) 0(0) 10(10) 
Trying to update LRU with 8
In LRU finded elem 8
All htable elems: 13(13) 5(5) 4(4) 1(1) 12(12) 8(8) 7(7) 0(0) 11(11) 10(10) 
Trying to update LRU with 4
In LRU finded elem 4
All htable elems: 8(8) 13(13) 5(5) 4(4) 1(1) 12(12) 7(7) 0(0) 11(11) 10(10) 
Trying to update LRU with 5
In LRU finded elem 5
All htable elems: 4(4) 8(8) 13(13) 5(5) 1(1) 12(12) 7(7) 0(0) 11(11) 10(10) 
Trying to update LRU with 10
In LRU finded elem 10
All htable elems: 5(5) 4(4) 8(8) 13(13) 1(1) 12(12) 7(7) 0(0) 11(11) 10(10) 
Trying to update LRU with 8
In LRU finded elem 8
All htable elems: 3(3) 6(6) 10(10) 5(5) 4(4) 8(8) 13(13) 1(1) 12(12) 0(0) 
Trying to update LRU with 5
In LRU finded elem 5
All htable elems: 8(8) 3(3) 6(6) 10(10) 5(5) 4(4) 13(13) 1(1) 12(12) 0(0) 
Trying to update LRU with 3
In LRU finded elem 3
All htable elems: 5(5) 8(8) 3(3) 6(6) 10(10) 4(4) 13(13) 1(1) 12(12) 0(0) 
Trying to update LRU with 4
In LRU finded elem 4
All htable elems: 3(3) 5(5) 8(8) 6(6) 10(10) 4(4) 13(13) 1(1) 12(12) 0(0) 
Trying to update LRU with 0
In LRU finded elem 0
All htable elems: 4(4) 3(3) 5(5) 8(8) 6(6) 10(10) 13(13) 1(1) 12(12) 0(0) 
Trying to update LRU with 1
In LRU finded elem 1
All htable elems: 0(0) 4(4) 3(3) 5(5) 8(8) 6(6) 10(10) 13(13) 1(1) 12(12) 
Trying to update LRU with 4
In LRU finded elem 4
All htable elems: 0(0) 4(4) 3(3) 5(5) 8(8) 6(6) 10(10) 13(13) 1(1) 12(12) 
Trying to update LRU with 13
In LRU finded elem 13
All htable elems: 9(9) 4(4) 0(0) 3(3) 5(5) 8(8) 6(6) 10(10) 13(13) 1(1) 
Trying to update LRU with 3
In LRU finded elem 3
All htable elems: 13(13) 9(9) 4(4) 0(0) 3(3) 5(5) 8(8) 6(6) 10(10) 1(1) 
Trying to update LRU with 4
In LRU finded elem 4
All htable elems: 3(3) 13(13) 9(9) 4(4) 0(0) 5(5) 8(8) 6(6) 10(10) 1(1) 
Trying to update LRU with 10
In LRU finded elem 10
All htable elems: 4(4) 3(3) 13(13) 9(9) 0(0) 5(5) 8(8) 6(6) 10(10) 1(1) 
Trying to update LRU with 5
In LRU finded elem 5
All htable elems: 10(10) 4(4) 3(3) 13(13) 9(9) 0(0) 5(5) 8(8) 6(6) 1(1) 
Trying to update LRU with 9
In LRU finded elem 9
All htable elems: 5(5) 10(10) 4(4) 3(3) 13(13) 9(9) 0(0) 8(8) 6(6) 1(1) 
Trying to update LRU with 13
In LRU finded elem 13
All htable elems: 9(9) 5(5) 10(10) 4(4) 3(3) 13(13) 0(0) 8(8) 6(6) 1(1) 
Trying to update LRU with 10
In LRU finded elem 10
All htable elems: 13(13) 9(9) 5(5) 10(10) 4(4) 3(3) 0(0) 8(8) 6(6) 1(1) 
Trying to update LRU with 9
In LRU finded elem 9
All htable elems: 7(7) 10(10) 2(2) 13(13) 9(9) 5(5) 4(4) 3(3) 0(0) 1(1) 
Trying to update LRU with 2
In LRU finded elem 2
All htable elems: 9(9) 7(7) 10(10) 2(2) 13(13) 5(5) 4(4) 3(3) 0(0) 1(1) 
Trying to update LRU with 0
In LRU finded elem 0
All htable elems: 9(9) 7(7) 10(10) 2(2) 13(13) 5(5) 4(4) 3(3) 0(0) 1(1) 
Trying to update LRU with 1
In LRU finded elem 1
All htable elems: 0(0) 9(9) 7(7) 10(10) 2(2) 13(13) 5(5) 4(4) 3(3) 1(1) 
Trying to update LRU with 10
In LRU finded elem 10
All htable elems: 1(1) 0(0) 9(9) 7(7) 10(10) 2(2) 13(13) 5(5) 4(4) 3(3) 
Trying to update LRU with 13
In LRU finded elem 13
All htable elems: 10(10) 1(1) 0(0) 9(9) 7(7) 2(2) 13(13) 5(5) 4(4) 3(3) 
Trying to update LRU with 10
In LRU finded elem 10
All htable elems: 10(10) 1(1) 0(0) 9(9) 7(7) 13(13) 2(2) 5(5) 4(4) 3(3) 
Trying to update LRU with 10
In LRU finded elem 10
All htable elems: 10(10) 1(1) 0(0) 9(9) 7(7) 13(13) 2(2) 5(5) 4(4) 3(3) 
Trying to update LRU with 0
In LRU finded elem 0
All htable elems: 10(10) 1(1) 0(0) 9(9) 7(7) 13(13) 2(2) 5(5) 4(4) 3(3) 
Trying to update LRU with 0
In LRU finded elem 0
All htable elems: 0(0) 10(10) 1(1) 9(9) 7(7) 13(13) 2(2) 5(5) 4(4) 3(3) 
Trying to update LRU with 7
In LRU finded elem 7
All htable elems: 14(14) 0(0) 10(10) 1(1) 9(9) 7(7) 13(13) 2(2) 5(5) 4(4) 
Trying to update LRU with 9
In LRU finded elem 9
All htable elems: 7(7) 14(14) 11(11) 0(0) 10(10) 1(1) 9(9) 13(13) 2(2) 5(5) 
Trying to update LRU with 9
In LRU finded elem 9
All htable elems: 9(9) 7(7) 14(14) 11(11) 0(0) 10(10) 1(1) 13(13) 2(2) 5(5) 
Trying to update LRU with 10
In LRU finded elem 10
All htable elems: 9(9) 7(7) 14(14) 11(11) 0(0) 10(10) 1(1) 13(13) 2(2) 5(5) 
Trying to update LRU with 11
In LRU finded elem 11
All htable elems: 10(10) 9(9) 7(7) 14(14) 11(11) 0(0) 1(1) 13(13) 2(2) 5(5) 
Trying to update LRU with 0
In LRU finded elem 0
All htable elems: 10(10) 9(9) 7(7) 14(14) 11(11) 0(0) 12(12) 1(1) 13(13) 2(2) 
Trying to update LRU with 1
In LRU finded elem 1
All htable elems: 10(10) 9(9) 7(7) 14(14) 0(0) 11(11) 12(12) 1(1) 13(13) 2(2) 
Trying to update LRU with 14
In LRU finded elem 14
All htable elems: 10(10) 9(9) 7(7) 14(14) 0(0) 11(11) 1(1) 12(12) 13(13) 2(2) 
Trying to update LRU with 7
In LRU finded elem 7
All htable elems: 14(14) 10(10) 9(9) 7(7) 0(0) 11(11) 1(1) 12(12) 13(13) 2(2) 
Trying to update LRU with 7
In LRU finded elem 7
All htable elems: 7(7) 14(14) 10(10) 9(9) 0(0) 11(11) 1(1) 12(12) 13(13) 2(2) 
Trying to update LRU with 2
In LRU finded elem 2
All htable elems: 7(7) 14(14) 10(10) 9(9) 0(0) 11(11) 1(1) 12(12) 13(13) 2(2) 
Trying to update LRU with 7
In LRU finded elem 7
All htable elems: 7(7) 3(3) 14(14) 10(10) 9(9) 0(0) 11(11) 1(1) 12(12) 2(2) 
Trying to update LRU with 1
In LRU finded elem 1
All htable elems: 7(7) 3(3) 14(14) 10(10) 9(9) 0(0) 11(11) 1(1) 12(12) 2(2) 
Trying to update LRU with 0
In LRU finded elem 0
All htable elems: 7(7) 3(3) 14(14) 10(10) 9(9) 0(0) 11(11) 1(1) 12(12) 2(2) 
Trying to update LRU with 10
In LRU finded elem 10
All htable elems: 7(7) 3(3) 14(14) 10(10) 9(9) 0(0) 11(11) 1(1) 12(12) 2(2) 
Trying to update LRU with 12
In LRU finded elem 12
All htable elems: 8(8) 10(10) 7(7) 3(3) 14(14) 0(0) 11(11) 1(1) 12(12) 2(2) 
Trying to update LRU with 6
In LRU finded elem 6
All htable elems: 6(6) 8(8) 10(10) 7(7) 3(3) 14(14) 0(0) 12(12) 1(1) 2(2) 
Trying to update LRU with 1
In LRU finded elem 1
All htable elems: 6(6) 8(8) 10(10) 7(7) 3(3) 14(14) 0(0) 12(12) 1(1) 2(2) 
Trying to update LRU with 7
In LRU finded elem 7
All htable elems: 6(6) 8(8) 10(10) 7(7) 3(3) 14(14) 0(0) 1(1) 12(12) 2(2) 
Trying to update LRU with 5
In LRU finded elem 5
All htable elems: 5(5) 7(7) 6(6) 8(8) 10(10) 3(3) 0(0) 1(1) 12(12) 2(2) 
Trying to update LRU with 7
In LRU finded elem 7
All htable elems: 5(5) 7(7) 6(6) 8(8) 10(10) 3(3) 0(0) 1(1) 12(12) 2(2) 
Trying to update LRU with 0
In LRU finded elem 0
All htable elems: 7(7) 5(5) 6(6) 8(8) 10(10) 3(3) 0(0) 1(1) 12(12) 2(2) 
Trying to update LRU with 5
In LRU finded elem 5
All htable elems: 0(0) 7(7) 5(5) 6(6) 8(8) 10(10) 14(14) 3(3) 1(1) 12(12) 
Trying to update LRU with 10
In LRU finded elem 10
All htable elems: 5(5) 0(0) 7(7) 6(6) 8(8) 10(10) 14(14) 3(3) 1(1) 12(12) 
Trying to update LRU with 0
In LRU finded elem 0
All htable elems: 10(10) 5(5) 0(0) 7(7) 6(6) 8(8) 14(14) 3(3) 1(1) 12(12) 
Trying to update LRU with 6
In LRU finded elem 6
All htable elems: 0(0) 10(10) 5(5) 7(7) 6(6) 8(8) 14(14) 3(3) 1(1) 12(12) 
Trying to update LRU with 3
In LRU finded elem 3
All htable elems: 6(6) 0(0) 10(10) 5(5) 7(7) 8(8) 14(14) 3(3) 1(1) 12(12) 
Trying to update LRU with 7
In LRU finded elem 7
All htable elems: 6(6) 0(0) 10(10) 5(5) 7(7) 8(8) 3(3) 14(14) 1(1) 12(12) 
Trying to update LRU with 6
In LRU finded elem 6
All htable elems: 9(9) 7(7) 6(6) 0(0) 10(10) 5(5) 3(3) 14(14) 1(1) 12(12) 
Trying to update LRU with 9
In LRU finded elem 9
All htable elems: 6(6) 9(9) 7(7) 0(0) 10(10) 5(5) 3(3) 14(14) 1(1) 12(12) 
Trying to update LRU with 3
In LRU finded elem 3
All htable elems: 9(9) 6(6) 7(7) 0(0) 10(10) 5(5) 3(3) 14(14) 1(1) 12(12) 
Trying to update LRU with 6
In LRU finded elem 6
All htable elems: 9(9) 6(6) 7(7) 0(0) 10(10) 5(5) 3(3) 14(14) 1(1) 12(12) 
Trying to update LRU with 9
In LRU finded elem 9
All htable elems: 6(6) 9(9) 7(7) 0(0) 10(10) 5(5) 3(3) 14(14) 1(1) 12(12) 
Trying to update LRU with 3
In LRU finded elem 3
All htable elems: 9(9) 6(6) 7(7) 0(0) 10(10) 5(5) 3(3) 14(14) 1(1) 12(12) 
Trying to update LRU with 6
In LRU finded elem 6
All htable elems: 9(9) 6(6) 7(7) 0(0) 10(10) 5(5) 3(3) 14(14) 1(1) 12(12) 
Trying to update LRU with 14
In LRU finded elem 14
All htable elems: 4(4) 6(6) 9(9) 7(7) 0(0) 10(10) 5(5) 3(3) 14(14) 1(1) 
Trying to update LRU with 10
In LRU finded elem 10
All htable elems: 4(4) 6(6) 9(9) 7(7) 0(0) 10(10) 5(5) 14(14) 3(3) 1(1) 
Trying to update LRU with 14
In LRU finded elem 14
All htable elems: 10(10) 4(4) 6(6) 9(9) 7(7) 0(0) 5(5) 14(14) 3(3) 1(1) 
Trying to update LRU with 0
In LRU finded elem 0
All htable elems: 10(10) 4(4) 6(6) 9(9) 7(7) 0(0) 5(5) 14(14) 3(3) 1(1) 
Trying to update LRU with 4
In LRU finded elem 4
All htable elems: 0(0) 10(10) 4(4) 6(6) 9(9) 7(7) 5(5) 14(14) 3(3) 1(1) 
Trying to update LRU with 4
In LRU finded elem 4
All htable elems: 13(13) 4(4) 0(0) 10(10) 6(6) 9(9) 7(7) 5(5) 14(14) 3(3) 
Trying to update LRU with 10
In LRU finded elem 10
All htable elems: 4(4) 13(13) 0(0) 10(10) 6(6) 9(9) 7(7) 5(5) 14(14) 3(3) 
Trying to update LRU with 0
In LRU finded elem 0
All htable elems: 10(10) 4(4) 13(13) 0(0) 6(6) 9(9) 7(7) 5(5) 14(14) 3(3) 
Trying to update LRU with 0
In LRU finded elem 0
All htable elems: 0(0) 10(10) 4(4) 13(13) 6(6) 9(9) 7(7) 5(5) 14(14) 3(3) 
Trying to update LRU with 5
In LRU finded elem 5
All htable elems: 0(0) 10(10) 4(4) 13(13) 6(6) 9(9) 7(7) 5(5) 14(14) 3(3) 
Trying to update LRU with 14
In LRU finded elem 14
All htable elems: 5(5) 11(11) 0(0) 10(10) 4(4) 13(13) 6(6) 9(9) 14(14) 3(3) 
Trying to update LRU with 3
In LRU finded elem 3
All htable elems: 5(5) 11(11) 0(0) 10(10) 4(4) 13(13) 6(6) 9(9) 14(14) 3(3) 
Trying to update LRU with 9
In LRU finded elem 9
All htable elems: 5(5) 11(11) 0(0) 10(10) 4(4) 13(13) 6(6) 9(9) 3(3) 14(14) 
Trying to update LRU with 5
In LRU finded elem 5
All htable elems: 9(9) 5(5) 11(11) 0(0) 10(10) 4(4) 13(13) 6(6) 3(3) 14(14) 
Trying to update LRU with 0
In LRU finded elem 0
All htable elems: 5(5) 9(9) 11(11) 0(0) 10(10) 4(4) 13(13) 6(6) 3(3) 14(14) 
Trying to update LRU with 4
In LRU finded elem 4
All htable elems: 5(5) 9(9) 0(0) 11(11) 10(10) 4(4) 2(2) 13(13) 3(3) 14(14) 
Trying to update LRU with 14
In LRU finded elem 14
All htable elems: 12(12) 4(4) 5(5) 9(9) 0(0) 11(11) 10(10) 2(2) 3(3) 14(14) 
Trying to update LRU with 11
In LRU finded elem 11
All htable elems: 12(12) 4(4) 5(5) 9(9) 0(0) 11(11) 10(10) 2(2) 14(14) 3(3) 
Trying to update LRU with 0
In LRU finded elem 0
All htable elems: 12(12) 4(4) 5(5) 9(9) 11(11) 0(0) 10(10) 2(2) 14(14) 3(3) 
Trying to update LRU with 14
In LRU finded elem 14
All htable elems: 8(8) 12(12) 4(4) 5(5) 9(9) 0(0) 11(11) 2(2) 14(14) 3(3) 
Trying to update LRU with 9
In LRU finded elem 9
All htable elems: 8(8) 12(12) 4(4) 5(5) 9(9) 0(0) 11(11) 2(2) 14(14) 3(3) 
Trying to update LRU with 4
In LRU finded elem 4
All htable elems: 9(9) 8(8) 12(12) 4(4) 5(5) 0(0) 11(11) 2(2) 14(14) 3(3) 
Trying to update LRU with 3
In LRU finded elem 3
All htable elems: 4(4) 9(9) 8(8) 12(12) 5(5) 0(0) 11(11) 2(2) 14(14) 3(3) 
Trying to update LRU with 2
In LRU finded elem 2
All htable elems: 4(4) 9(9) 8(8) 12(12) 5(5) 0(0) 11(11) 2(2) 3(3) 14(14) 
Trying to update LRU with 12
In LRU finded elem 12
All htable elems: 2(2) 4(4) 9(9) 8(8) 12(12) 5(5) 0(0) 11(11) 3(3) 14(14) 
Trying to update LRU with 8
In LRU finded elem 8
All htable elems: 12(12) 2(2) 4(4) 9(9) 8(8) 5(5) 0(0) 11(11) 3(3) 14(14) 
Trying to update LRU with 2
In LRU finded elem 2
All htable elems: 8(8) 12(12) 2(2) 4(4) 9(9) 5(5) 0(0) 11(11) 3(3) 14(14) 
Trying to update LRU with 0
In LRU finded elem 0
All htable elems: 2(2) 8(8) 12(12) 4(4) 9(9) 5(5) 0(0) 11(11) 3(3) 14(14) 
Trying to update LRU with 8
In LRU finded elem 8
All htable elems: 2(2) 8(8) 12(12) 4(4) 9(9) 5(5) 0(0) 11(11) 3(3) 14(14) 
Trying to update LRU with 4
In LRU finded elem 4
All htable elems: 8(8) 2(2) 12(12) 4(4) 9(9) 5(5) 0(0) 11(11) 3(3) 14(14) 
Trying to update LRU with 11
In LRU finded elem 11
All htable elems: 4(4) 8(8) 2(2) 12(12) 9(9) 5(5) 0(0) 11(11) 3(3) 14(14) 
Trying to update LRU with 0
In LRU finded elem 0
All htable elems: 4(4) 8(8) 2(2) 12(12) 9(9) 5(5) 11(11) 0(0) 3(3) 14(14) 
Trying to update LRU with 9
In LRU finded elem 9
All htable elems: 4(4) 8(8) 2(2) 12(12) 9(9) 5(5) 0(0) 11(11) 3(3) 14(14) 
Trying to update LRU with 5
In LRU finded elem 5
All htable elems: 9(9) 4(4) 8(8) 2(2) 12(12) 5(5) 0(0) 11(11) 3(3) 14(14) 
Trying to update LRU with 0
In LRU finded elem 0
All htable elems: 5(5) 9(9) 4(4) 8(8) 2(2) 12(12) 0(0) 11(11) 3(3) 14(14) 
Trying to update LRU with 8
In LRU finded elem 8
All htable elems: 5(5) 9(9) 4(4) 8(8) 2(2) 1(1) 12(12) 0(0) 11(11) 3(3) 
Trying to update LRU with 0
In LRU finded elem 0
All htable elems: 8(8) 5(5) 9(9) 4(4) 2(2) 1(1) 12(12) 0(0) 11(11) 3(3) 
Trying to update LRU with 3
In LRU finded elem 3
All htable elems: 8(8) 5(5) 9(9) 4(4) 2(2) 1(1) 12(12) 0(0) 11(11) 3(3) 
Trying to update LRU with 2
In LRU finded elem 2
All htable elems: 3(3) 8(8) 5(5) 9(9) 4(4) 2(2) 1(1) 12(12) 0(0) 11(11) 
Trying to update LRU with 11
In LRU finded elem 11
All htable elems: 2(2) 3(3) 8(8) 5(5) 9(9) 4(4) 1(1) 12(12) 0(0) 11(11) 
Trying to update LRU with 8
In LRU finded elem 8
All htable elems: 2(2) 3(3) 8(8) 5(5) 9(9) 4(4) 1(1) 12(12) 11(11) 0(0) 
Trying to update LRU with 2
In LRU finded elem 2
All htable elems: 8(8) 2(2) 3(3) 5(5) 9(9) 4(4) 1(1) 12(12) 11(11) 0(0) 
Trying to update LRU with 1
In LRU finded elem 1
All htable elems: 2(2) 8(8) 3(3) 5(5) 9(9) 4(4) 1(1) 12(12) 11(11) 0(0) 
Trying to update LRU with 8
In LRU finded elem 8
All htable elems: 2(2) 8(8) 3(3) 5(5) 9(9) 4(4) 1(1) 12(12) 11(11) 0(0) 
Trying to update LRU with 9
In LRU finded elem 9
All htable elems: 8(8) 2(2) 3(3) 5(5) 9(9) 4(4) 1(1) 12(12) 11(11) 0(0) 
Trying to update LRU with 9
In LRU finded elem 9
All htable elems: 9(9) 8(8) 2(2) 3(3) 5(5) 4(4) 1(1) 12(12) 11(11) 0(0) 
Trying to update LRU with 12
In LRU finded elem 12
All htable elems: 9(9) 8(8) 2(2) 3(3) 5(5) 4(4) 1(1) 12(12) 11(11) 0(0) 
Trying to update LRU with 8
In LRU finded elem 8
All htable elems: 9(9) 8(8) 2(2) 3(3) 5(5) 4(4) 12(12) 1(1) 11(11) 0(0) 
Trying to update LRU with 11
In LRU finded elem 11
All htable elems: 8(8) 9(9) 2(2) 3(3) 5(5) 4(4) 12(12) 1(1) 11(11) 0(0) 
Trying to update LRU with 2
In LRU finded elem 2
All htable elems: 8(8) 9(9) 13(13) 2(2) 3(3) 5(5) 12(12) 1(1) 11(11) 0(0) 
Trying to update LRU with 8
In LRU finded elem 8
All htable elems: 6(6) 8(8) 9(9) 2(2) 13(13) 3(3) 12(12) 1(1) 11(11) 0(0) 
Trying to update LRU with 9
In LRU finded elem 9
All htable elems: 8(8) 6(6) 9(9) 2(2) 13(13) 3(3) 12(12) 1(1) 11(11) 0(0) 
Trying to update LRU with 3
In LRU finded elem 3
All htable elems: 9(9) 8(8) 6(6) 2(2) 13(13) 3(3) 12(12) 1(1) 11(11) 0(0) 
Trying to update LRU with 12
In LRU finded elem 12
All htable elems: 3(3) 9(9) 8(8) 6(6) 2(2) 13(13) 12(12) 1(1) 11(11) 0(0) 
Trying to update LRU with 3
In LRU finded elem 3
All htable elems: 3(3) 9(9) 8(8) 6(6) 2(2) 13(13) 12(12) 1(1) 11(11) 0(0) 
Trying to update LRU with 0
In LRU finded elem 0
All htable elems: 3(3) 9(9) 8(8) 6(6) 2(2) 13(13) 12(12) 1(1) 11(11) 0(0) 
Trying to update LRU with 12
In LRU finded elem 12
All htable elems: 10(10) 5(5) 3(3) 9(9) 8(8) 6(6) 2(2) 13(13) 12(12) 0(0) 
Trying to update LRU with 5
In LRU finded elem 5
All htable elems: 12(12) 10(10) 5(5) 3(3) 9(9) 8(8) 6(6) 2(2) 13(13) 0(0) 
Trying to update LRU with 10
In LRU finded elem 10
All htable elems: 5(5) 12(12) 10(10) 3(3) 9(9) 8(8) 6(6) 2(2) 13(13) 0(0) 
Trying to update LRU with 0
In LRU finded elem 0
All htable elems: 10(10) 5(5) 12(12) 3(3) 9(9) 8(8) 6(6) 2(2) 13(13) 0(0) 
Trying to update LRU with 6
In LRU finded elem 6
All htable elems: 0(0) 10(10) 5(5) 12(12) 3(3) 9(9) 8(8) 6(6) 2(2) 13(13) 
Trying to update LRU with 8
In LRU finded elem 8
All htable elems: 6(6) 0(0) 10(10) 5(5) 12(12) 3(3) 9(9) 8(8) 2(2) 13(13) 
Trying to update LRU with 0
In LRU finded elem 0
All htable elems: 8(8) 6(6) 0(0) 10(10) 5(5) 12(12) 3(3) 9(9) 2(2) 13(13) 
Trying to update LRU with 10
In LRU finded elem 10
All htable elems: 0(0) 8(8) 6(6) 10(10) 5(5) 12(12) 3(3) 9(9) 2(2) 13(13) 
Trying to update LRU with 12
In LRU finded elem 12
All htable elems: 10(10) 0(0) 8(8) 6(6) 5(5) 12(12) 3(3) 9(9) 2(2) 13(13) 
Trying to update LRU with 8
In LRU finded elem 8
All htable elems: 12(12) 10(10) 0(0) 8(8) 6(6) 5(5) 3(3) 9(9) 2(2) 13(13) 
Trying to update LRU with 8
In LRU finded elem 8
All htable elems: 8(8) 12(12) 10(10) 0(0) 6(6) 5(5) 3(3) 9(9) 2(2) 13(13) 
Trying to update LRU with 5
In LRU finded elem 5
All htable elems: 8(8) 12(12) 10(10) 0(0) 6(6) 5(5) 3(3) 9(9) 2(2) 13(13) 
Trying to update LRU with 9
In LRU finded elem 9
All htable elems: 5(5) 8(8) 12(12) 10(10) 0(0) 6(6) 3(3) 9(9) 2(2) 13(13) 
Trying to update LRU with 13
In LRU finded elem 13
All htable elems: 9(9) 5(5) 8(8) 12(12) 10(10) 0(0) 6(6) 3(3) 2(2) 13(13) 
Trying to update LRU with 12
In LRU finded elem 12
All htable elems: 9(9) 5(5) 8(8) 12(12) 10(10) 0(0) 6(6) 3(3) 13(13) 2(2) 
Trying to update LRU with 0
In LRU finded elem 0
All htable elems: 12(12) 9(9) 5(5) 8(8) 10(10) 0(0) 6(6) 3(3) 13(13) 2(2) 
Trying to update LRU with 9
In LRU finded elem 9
All htable elems: 0(0) 12(12) 9(9) 5(5) 8(8) 10(10) 6(6) 3(3) 13(13) 2(2) 
Trying to update LRU with 10
In LRU finded elem 10
All htable elems: 9(9) 0(0) 12(12) 5(5) 8(8) 10(10) 6(6) 3(3) 13(13) 2(2) 
Trying to update LRU with 8
In LRU finded elem 8
All htable elems: 10(10) 9(9) 0(0) 12(12) 5(5) 8(8) 6(6) 3(3) 13(13) 2(2) 
Trying to update LRU with 12
In LRU finded elem 12
All htable elems: 8(8) 10(10) 9(9) 0(0) 12(12) 5(5) 6(6) 3(3) 13(13) 2(2) 
Trying to update LRU with 13
In LRU finded elem 13
All htable elems: 7(7) 12(12) 8(8) 10(10) 9(9) 0(0) 5(5) 6(6) 3(3) 13(13) 
Trying to update LRU with 12
In LRU finded elem 12
All htable elems: 4(4) 13(13) 7(7) 12(12) 8(8) 10(10) 9(9) 0(0) 5(5) 6(6) 
Trying to update LRU with 12
In LRU finded elem 12
All htable elems: 12(12) 4(4) 13(13) 7(7) 8(8) 10(10) 9(9) 0(0) 5(5) 6(6) 
Trying to update LRU with 0
In LRU finded elem 0
All htable elems: 12(12) 4(4) 13(13) 7(7) 8(8) 10(10) 9(9) 0(0) 5(5) 6(6) 
Trying to update LRU with 10
In LRU finded elem 10
All htable elems: 0(0) 12(12) 4(4) 13(13) 7(7) 8(8) 10(10) 9(9) 5(5) 6(6) 
Trying to update LRU with 8
In LRU finded elem 8
All htable elems: 10(10) 0(0) 12(12) 4(4) 13(13) 7(7) 8(8) 9(9) 5(5) 6(6) 
Trying to update LRU with 4
In LRU finded elem 4
All htable elems: 8(8) 10(10) 0(0) 12(12) 4(4) 13(13) 7(7) 9(9) 5(5) 6(6) 
Trying to update LRU with 6
In LRU finded elem 6
All htable elems: 4(4) 8(8) 10(10) 0(0) 12(12) 13(13) 7(7) 9(9) 5(5) 6(6) 
Trying to update LRU with 5
In LRU finded elem 5
All htable elems: 6(6) 4(4) 8(8) 10(10) 0(0) 12(12) 13(13) 7(7) 9(9) 5(5) 
Trying to update LRU with 12
In LRU finded elem 12
All htable elems: 14(14) 5(5) 6(6) 4(4) 8(8) 10(10) 0(0) 12(12) 13(13) 7(7) 
Trying to update LRU with 13
In LRU finded elem 13
All htable elems: 12(12) 3(3) 14(14) 5(5) 6(6) 4(4) 8(8) 10(10) 0(0) 13(13) 
Trying to update LRU with 12
In LRU finded elem 12
All htable elems: 13(13) 12(12) 3(3) 14(14) 5(5) 6(6) 4(4) 8(8) 10(10) 0(0) 
Trying to update LRU with 10
In LRU finded elem 10
All htable elems: 12(12) 13(13) 3(3) 14(14) 5(5) 6(6) 4(4) 8(8) 10(10) 0(0) 
Trying to update LRU with 0
In LRU finded elem 0
All htable elems: 10(10) 12(12) 13(13) 3(3) 14(14) 5(5) 6(6) 4(4) 8(8) 0(0) 
Trying to update LRU with 6
In LRU finded elem 6
All htable elems: 0(0) 10(10) 12(12) 13(13) 3(3) 14(14) 5(5) 6(6) 4(4) 8(8) 
Trying to update LRU with 10
In LRU finded elem 10
All htable elems: 6(6) 0(0) 10(10) 12(12) 13(13) 3(3) 14(14) 5(5) 4(4) 8(8) 
Trying to update LRU with 13
In LRU finded elem 13
All htable elems: 10(10) 6(6) 0(0) 12(12) 13(13) 3(3) 14(14) 5(5) 4(4) 8(8) 
Trying to update LRU with 5
In LRU finded elem 5
All htable elems: 13(13) 10(10) 6(6) 0(0) 12(12) 3(3) 14(14) 5(5) 4(4) 8(8) 
Trying to update LRU with 10
In LRU finded elem 10
All htable elems: 5(5) 13(13) 10(10) 6(6) 0(0) 12(12) 3(3) 14(14) 4(4) 8(8) 
Trying to update LRU with 3
In LRU finded elem 3
All htable elems: 10(10) 5(5) 13(13) 6(6) 0(0) 12(12) 3(3) 14(14) 4(4) 8(8) 
Trying to update LRU with 8
In LRU finded elem 8
All htable elems: 10(10) 5(5) 13(13) 6(6) 0(0) 12(12) 3(3) 14(14) 4(4) 8(8) 
Trying to update LRU with 8
In LRU finded elem 8
All htable elems: 8(8) 10(10) 5(5) 13(13) 6(6) 0(0) 12(12) 3(3) 14(14) 4(4) 
Trying to update LRU with 10
In LRU finded elem 10
All htable elems: 8(8) 10(10) 5(5) 13(13) 6(6) 11(11) 0(0) 12(12) 3(3) 14(14) 
Trying to update LRU with 5
In LRU finded elem 5
All htable elems: 10(10) 8(8) 5(5) 13(13) 6(6) 11(11) 0(0) 12(12) 3(3) 14(14) 
Trying to update LRU with 11
In LRU finded elem 11
All htable elems: 7(7) 4(4) 5(5) 10(10) 8(8) 13(13) 6(6) 11(11) 0(0) 3(3) 
Trying to update LRU with 0
In LRU finded elem 0
All htable elems: 7(7) 4(4) 5(5) 10(10) 8(8) 13(13) 6(6) 11(11) 0(0) 3(3) 
Trying to update LRU with 4
In LRU finded elem 4
All htable elems: 7(7) 4(4) 5(5) 10(10) 8(8) 13(13) 6(6) 0(0) 11(11) 3(3) 
Trying to update LRU with 13
In LRU finded elem 13
All htable elems: 4(4) 7(7) 5(5) 10(10) 8(8) 13(13) 6(6) 0(0) 11(11) 3(3) 
Trying to update LRU with 10
In LRU finded elem 10
All htable elems: 13(13) 4(4) 7(7) 5(5) 10(10) 8(8) 6(6) 0(0) 11(11) 3(3) 
Trying to update LRU with 0
In LRU finded elem 0
All htable elems: 10(10) 13(13) 4(4) 7(7) 5(5) 8(8) 6(6) 0(0) 11(11) 3(3) 
Trying to update LRU with 13
In LRU finded elem 13
All htable elems: 10(10) 13(13) 4(4) 7(7) 5(5) 8(8) 6(6) 0(0) 11(11) 3(3) 
Trying to update LRU with 5
In LRU finded elem 5
All htable elems: 13(13) 10(10) 4(4) 7(7) 5(5) 8(8) 6(6) 0(0) 11(11) 3(3) 
Trying to update LRU with 8
In LRU finded elem 8
All htable elems: 1(1) 5(5) 13(13) 10(10) 4(4) 7(7) 8(8) 0(0) 11(11) 3(3) 
Trying to update LRU with 0
In LRU finded elem 0
All htable elems: 8(8) 1(1) 5(5) 13(13) 10(10) 4(4) 7(7) 0(0) 11(11) 3(3) 
Trying to update LRU with 1
In LRU finded elem 1
All htable elems: 8(8) 1(1) 5(5) 13(13) 10(10) 4(4) 7(7) 0(0) 11(11) 3(3) 
Trying to update LRU with 11
In LRU finded elem 11
All htable elems: 1(1) 8(8) 5(5) 13(13) 10(10) 4(4) 7(7) 0(0) 11(11) 3(3) 
Trying to update LRU with 8
In LRU finded elem 8
All htable elems: 9(9) 1(1) 8(8) 5(5) 13(13) 10(10) 4(4) 7(7) 11(11) 0(0) 
Trying to update LRU with 9
In LRU finded elem 9
All htable elems: 6(6) 8(8) 9(9) 1(1) 5(5) 13(13) 10(10) 4(4) 11(11) 0(0) 
Trying to update LRU with 5
In LRU finded elem 5
All htable elems: 9(9) 6(6) 8(8) 1(1) 5(5) 13(13) 10(10) 4(4) 11(11) 0(0) 
Trying to update LRU with 8
In LRU finded elem 8
All htable elems: 5(5) 9(9) 6(6) 8(8) 1(1) 13(13) 10(10) 4(4) 11(11) 0(0) 
Trying to update LRU with 6
In LRU finded elem 6
All htable elems: 8(8) 5(5) 9(9) 6(6) 1(1) 13(13) 10(10) 4(4) 11(11) 0(0) 
Trying to update LRU with 5
In LRU finded elem 5
All htable elems: 6(6) 8(8) 5(5) 9(9) 1(1) 13(13) 10(10) 4(4) 11(11) 0(0) 
Trying to update LRU with 8
In LRU finded elem 8
All htable elems: 5(5) 6(6) 8(8) 9(9) 1(1) 13(13) 10(10) 4(4) 11(11) 0(0) 
Trying to update LRU with 6
In LRU finded elem 6
All htable elems: 8(8) 5(5) 6(6) 9(9) 1(1) 13(13) 10(10) 4(4) 11(11) 0(0) 
Trying to update LRU with 6
In LRU finded elem 6
All htable elems: 6(6) 8(8) 5(5) 9(9) 1(1) 13(13) 10(10) 4(4) 11(11) 0(0) 
Trying to update LRU with 5
In LRU finded elem 5
All htable elems: 6(6) 8(8) 5(5) 9(9) 1(1) 13(13) 10(10) 4(4) 11(11) 0(0) 
Trying to update LRU with 0
In LRU finded elem 0
All htable elems: 5(5) 6(6) 8(8) 9(9) 1(1) 13(13) 10(10) 4(4) 11(11) 0(0) 
Trying to update LRU with 13
In LRU finded elem 13
All htable elems: 5(5) 6(6) 8(8) 9(9) 1(1) 13(13) 10(10) 4(4) 0(0) 11(11) 
Trying to update LRU with 14
In LRU finded elem 14
All htable elems: 14(14) 13(13) 5(5) 6(6) 8(8) 9(9) 1(1) 10(10) 0(0) 11(11) 
Trying to update LRU with 5
In LRU finded elem 5
All htable elems: 3(3) 14(14) 13(13) 5(5) 6(6) 8(8) 9(9) 1(1) 0(0) 11(11) 
Trying to update LRU with 5
In LRU finded elem 5
All htable elems: 5(5) 3(3) 14(14) 13(13) 6(6) 8(8) 9(9) 1(1) 0(0) 11(11) 
Trying to update LRU with 3
In LRU finded elem 3
All htable elems: 5(5) 3(3) 14(14) 2(2) 13(13) 6(6) 8(8) 9(9) 0(0) 11(11) 
Trying to update LRU with 13
In LRU finded elem 13
All htable elems: 5(5) 3(3) 14(14) 2(2) 13(13) 6(6) 8(8) 9(9) 0(0) 11(11) 
Trying to update LRU with 2
In LRU finded elem 2
All htable elems: 5(5) 3(3) 14(14) 13(13) 2(2) 6(6) 8(8) 9(9) 0(0) 11(11) 
Trying to update LRU with 13
In LRU finded elem 13
All htable elems: 5(5) 3(3) 14(14) 2(2) 13(13) 6(6) 8(8) 9(9) 0(0) 11(11) 
Trying to update LRU with 0
In LRU finded elem 0
All htable elems: 5(5) 3(3) 14(14) 13(13) 2(2) 6(6) 8(8) 9(9) 0(0) 11(11) 
Trying to update LRU with 9
In LRU finded elem 9
All htable elems: 5(5) 3(3) 14(14) 13(13) 2(2) 6(6) 8(8) 9(9) 0(0) 11(11) 
Trying to update LRU with 0
In LRU finded elem 0
All htable elems: 9(9) 5(5) 3(3) 14(14) 13(13) 2(2) 6(6) 8(8) 0(0) 11(11) 
Trying to update LRU with 0
In LRU finded elem 0
All htable elems: 9(9) 5(5) 3(3) 14(14) 13(13) 2(2) 6(6) 8(8) 0(0) 11(11) 
Trying to update LRU with 6
In LRU finded elem 6
All htable elems: 9(9) 5(5) 3(3) 14(14) 13(13) 2(2) 6(6) 8(8) 0(0) 11(11) 
Trying to update LRU with 5
In LRU finded elem 5
All htable elems: 6(6) 9(9) 5(5) 3(3) 14(14) 13(13) 2(2) 8(8) 0(0) 11(11) 
Trying to update LRU with 8
In LRU finded elem 8
All htable elems: 5(5) 6(6) 9(9) 3(3) 14(14) 13(13) 2(2) 8(8) 0(0) 11(11) 
Trying to update LRU with 3
In LRU finded elem 3
All htable elems: 8(8) 5(5) 6(6) 9(9) 3(3) 14(14) 13(13) 2(2) 0(0) 11(11) 
Trying to update LRU with 5
In LRU finded elem 5
All htable elems: 8(8) 5(5) 6(6) 9(9) 3(3) 14(14) 13(13) 2(2) 0(0) 11(11) 
Trying to update LRU with 5
In LRU finded elem 5
All htable elems: 5(5) 8(8) 6(6) 9(9) 3(3) 14(14) 13(13) 2(2) 0(0) 11(11) 
Trying to update LRU with 2
In LRU finded elem 2
All htable elems: 5(5) 8(8) 6(6) 9(9) 3(3) 14(14) 13(13) 2(2) 0(0) 11(11) 
Trying to update LRU with 8
In LRU finded elem 8
All htable elems: 5(5) 8(8) 6(6) 9(9) 3(3) 14(14) 2(2) 13(13) 0(0) 11(11) 
Trying to update LRU with 2
In LRU finded elem 2
All htable elems: 8(8) 5(5) 6(6) 9(9) 3(3) 14(14) 2(2) 13(13) 0(0) 11(11) 
Trying to update LRU with 2
In LRU finded elem 2
All htable elems: 8(8) 5(5) 6(6) 9(9) 3(3) 14(14) 2(2) 13(13) 0(0) 11(11) 
Trying to update LRU with 6
In LRU finded elem 6
All htable elems: 8(8) 5(5) 6(6) 9(9) 3(3) 14(14) 2(2) 13(13) 0(0) 11(11) 
Trying to update LRU with 5
In LRU finded elem 5
All htable elems: 6(6) 8(8) 5(5) 9(9) 3(3) 14(14) 2(2) 13(13) 0(0) 11(11) 
Trying to update LRU with 5
In LRU finded elem 5
All htable elems: 5(5) 6(6) 8(8) 9(9) 3(3) 14(14) 2(2) 13(13) 0(0) 11(11) 
Trying to update LRU with 14
In LRU finded elem 14
All htable elems: 5(5) 6(6) 8(8) 9(9) 3(3) 14(14) 2(2) 13(13) 0(0) 11(11) 
Trying to update LRU with 11
In LRU finded elem 11
All htable elems: 5(5) 6(6) 8(8) 9(9) 14(14) 3(3) 2(2) 13(13) 0(0) 11(11) 
Trying to update LRU with 14
In LRU finded elem 14
All htable elems: 5(5) 6(6) 8(8) 9(9) 14(14) 3(3) 2(2) 13(13) 11(11) 0(0) 
Trying to update LRU with 5
In LRU finded elem 5
All htable elems: 5(5) 6(6) 8(8) 9(9) 14(14) 3(3) 2(2) 13(13) 11(11) 0(0) 
Trying to update LRU with 11
In LRU finded elem 11
All htable elems: 5(5) 6(6) 8(8) 9(9) 14(14) 3(3) 2(2) 13(13) 11(11) 0(0) 
Trying to update LRU with 8
In LRU finded elem 8
All htable elems: 5(5) 6(6) 8(8) 9(9) 14(14) 3(3) 2(2) 13(13) 11(11) 0(0) 
Trying to update LRU with 2
In LRU finded elem 2
All htable elems: 8(8) 5(5) 6(6) 9(9) 14(14) 3(3) 2(2) 13(13) 11(11) 0(0) 
Trying to update LRU with 0
In LRU finded elem 0
All htable elems: 8(8) 5(5) 6(6) 9(9) 14(14) 3(3) 2(2) 13(13) 11(11) 0(0) 
Trying to update LRU with 5
In LRU finded elem 5
All htable elems: 4(4) 8(8) 5(5) 6(6) 9(9) 14(14) 3(3) 2(2) 0(0) 11(11) 
Trying to update LRU with 8
In LRU finded elem 8
All htable elems: 5(5) 4(4) 8(8) 6(6) 9(9) 14(14) 3(3) 2(2) 0(0) 11(11) 
Trying to update LRU with 5
In LRU finded elem 5
All htable elems: 8(8) 5(5) 4(4) 6(6) 9(9) 14(14) 3(3) 2(2) 0(0) 11(11) 
Trying to update LRU with 14
In LRU finded elem 14
All htable elems: 1(1) 5(5) 8(8) 4(4) 6(6) 14(14) 3(3) 2(2) 0(0) 11(11) 
Trying to update LRU with 4
In LRU finded elem 4
All htable elems: 1(1) 5(5) 8(8) 4(4) 6(6) 14(14) 3(3) 2(2) 0(0) 11(11) 
Trying to update LRU with 4
In LRU finded elem 4
All htable elems: 4(4) 1(1) 5(5) 8(8) 6(6) 14(14) 3(3) 2(2) 0(0) 11(11) 
Trying to update LRU with 14
In LRU finded elem 14
All htable elems: 4(4) 1(1) 5(5) 8(8) 6(6) 14(14) 3(3) 2(2) 0(0) 11(11) 
Trying to update LRU with 1
In LRU finded elem 1
All htable elems: 4(4) 1(1) 5(5) 8(8) 6(6) 14(14) 3(3) 2(2) 0(0) 11(11) 
Trying to update LRU with 11
In LRU finded elem 11
All htable elems: 1(1) 4(4) 5(5) 8(8) 6(6) 14(14) 3(3) 2(2) 0(0) 11(11) 
Trying to update LRU with 4
In LRU finded elem 4
All htable elems: 1(1) 4(4) 5(5) 8(8) 6(6) 14(14) 3(3) 2(2) 11(11) 0(0) 
Trying to update LRU with 5
In LRU finded elem 5
All htable elems: 4(4) 1(1) 5(5) 8(8) 6(6) 14(14) 3(3) 2(2) 11(11) 0(0) 
Trying to update LRU with 3
In LRU finded elem 3
All htable elems: 5(5) 4(4) 1(1) 8(8) 6(6) 14(14) 3(3) 2(2) 11(11) 0(0) 
Trying to update LRU with 0
In LRU finded elem 0
All htable elems: 7(7) 5(5) 4(4) 1(1) 8(8) 3(3) 14(14) 2(2) 11(11) 0(0) 
Trying to update LRU with 4
In LRU finded elem 4
All htable elems: 6(6) 7(7) 5(5) 4(4) 12(12) 1(1) 3(3) 14(14) 0(0) 11(11) 
Trying to update LRU with 6
In LRU finded elem 6
All htable elems: 4(4) 6(6) 7(7) 5(5) 12(12) 1(1) 3(3) 14(14) 0(0) 11(11) 
Trying to update LRU with 6
In LRU finded elem 6
All htable elems: 6(6) 4(4) 7(7) 5(5) 12(12) 1(1) 3(3) 14(14) 0(0) 11(11) 
Trying to update LRU with 11
In LRU finded elem 11
All htable elems: 6(6) 4(4) 7(7) 5(5) 12(12) 1(1) 3(3) 14(14) 0(0) 11(11) 
Trying to update LRU with 11
In LRU finded elem 11
All htable elems: 6(6) 4(4) 7(7) 5(5) 12(12) 1(1) 3(3) 14(14) 11(11) 0(0) 
Trying to update LRU with 1
In LRU finded elem 1
All htable elems: 6(6) 4(4) 7(7) 5(5) 12(12) 1(1) 3(3) 14(14) 11(11) 0(0) 
Trying to update LRU with 6
In LRU finded elem 6
All htable elems: 6(6) 4(4) 7(7) 5(5) 1(1) 12(12) 3(3) 14(14) 11(11) 0(0) 
Trying to update LRU with 11
In LRU finded elem 11
All htable elems: 6(6) 4(4) 7(7) 5(5) 1(1) 12(12) 3(3) 14(14) 11(11) 0(0) 
Trying to update LRU with 0
In LRU finded elem 0
All htable elems: 6(6) 4(4) 7(7) 5(5) 1(1) 12(12) 3(3) 14(14) 11(11) 0(0) 
Trying to update LRU with 0
In LRU finded elem 0
All htable elems: 6(6) 4(4) 7(7) 5(5) 1(1) 12(12) 3(3) 14(14) 0(0) 11(11) 
Trying to update LRU with 3
In LRU finded elem 3
All htable elems: 10(10) 6(6) 4(4) 7(7) 5(5) 1(1) 12(12) 3(3) 0(0) 11(11) 
Trying to update LRU with 10
In LRU finded elem 10
All htable elems: 2(2) 3(3) 10(10) 6(6) 4(4) 7(7) 1(1) 12(12) 0(0) 11(11) 
Trying to update LRU with 1
In LRU finded elem 1
All htable elems: 10(10) 2(2) 3(3) 6(6) 4(4) 7(7) 1(1) 12(12) 0(0) 11(11) 
Trying to update LRU with 4
In LRU finded elem 4
All htable elems: 10(10) 2(2) 3(3) 6(6) 4(4) 7(7) 1(1) 12(12) 0(0) 11(11) 
Trying to update LRU with 11
In LRU finded elem 11
All htable elems: 4(4) 10(10) 13(13) 2(2) 3(3) 6(6) 1(1) 12(12) 0(0) 11(11) 
Trying to update LRU with 11
In LRU finded elem 11
All htable elems: 4(4) 10(10) 13(13) 2(2) 3(3) 6(6) 1(1) 12(12) 11(11) 0(0) 
Trying to update LRU with 11
In LRU finded elem 11
All htable elems: 4(4) 10(10) 13(13) 2(2) 3(3) 6(6) 1(1) 12(12) 11(11) 0(0) 
Trying to update LRU with 10
In LRU finded elem 10
All htable elems: 4(4) 10(10) 13(13) 2(2) 3(3) 6(6) 1(1) 12(12) 11(11) 0(0) 
Trying to update LRU with 11
In LRU finded elem 11
All htable elems: 9(9) 10(10) 4(4) 13(13) 2(2) 3(3) 6(6) 1(1) 11(11) 0(0) 
Trying to update LRU with 1
In LRU finded elem 1
All htable elems: 7(7) 9(9) 10(10) 4(4) 13(13) 2(2) 3(3) 1(1) 11(11) 0(0) 
Trying to update LRU with 13
In LRU finded elem 13
All htable elems: 1(1) 7(7) 9(9) 10(10) 4(4) 13(13) 2(2) 3(3) 11(11) 0(0) 
Trying to update LRU with 9
In LRU finded elem 9
All htable elems: 1(1) 7(7) 9(9) 10(10) 4(4) 13(13) 2(2) 3(3) 11(11) 0(0) 
Trying to update LRU with 3
In LRU finded elem 3
All htable elems: 9(9) 1(1) 7(7) 10(10) 4(4) 13(13) 2(2) 3(3) 11(11) 0(0) 
Trying to update LRU with 1
In LRU finded elem 1
All htable elems: 3(3) 9(9) 1(1) 7(7) 10(10) 4(4) 13(13) 2(2) 11(11) 0(0) 
Trying to update LRU with 10
In LRU finded elem 10
All htable elems: 1(1) 3(3) 9(9) 7(7) 10(10) 4(4) 13(13) 2(2) 11(11) 0(0) 
Trying to update LRU with 1
In LRU finded elem 1
All htable elems: 10(10) 1(1) 3(3) 9(9) 7(7) 4(4) 13(13) 2(2) 11(11) 0(0) 
Trying to update LRU with 3
In LRU finded elem 3
All htable elems: 5(5) 1(1) 10(10) 3(3) 9(9) 7(7) 4(4) 13(13) 2(2) 11(11) 
Trying to update LRU with 1
In LRU finded elem 1
All htable elems: 3(3) 5(5) 1(1) 10(10) 9(9) 7(7) 4(4) 13(13) 2(2) 11(11) 
Trying to update LRU with 4
In LRU finded elem 4
All htable elems: 1(1) 3(3) 5(5) 10(10) 9(9) 7(7) 4(4) 13(13) 2(2) 11(11) 
Trying to update LRU with 5
In LRU finded elem 5
All htable elems: 4(4) 1(1) 3(3) 5(5) 10(10) 9(9) 7(7) 13(13) 2(2) 11(11) 
Trying to update LRU with 5
In LRU finded elem 5
All htable elems: 8(8) 6(6) 5(5) 4(4) 1(1) 3(3) 10(10) 9(9) 7(7) 13(13) 
Trying to update LRU with 4
In LRU finded elem 4
All htable elems: 5(5) 8(8) 6(6) 4(4) 1(1) 3(3) 10(10) 9(9) 7(7) 13(13) 
Trying to update LRU with 9
In LRU finded elem 9
All htable elems: 4(4) 5(5) 8(8) 6(6) 1(1) 3(3) 10(10) 9(9) 7(7) 13(13) 
Trying to update LRU with 1
In LRU finded elem 1
All htable elems: 9(9) 4(4) 5(5) 8(8) 6(6) 1(1) 3(3) 10(10) 7(7) 13(13) 
Trying to update LRU with 6
In LRU finded elem 6
All htable elems: 1(1) 9(9) 4(4) 5(5) 8(8) 6(6) 3(3) 10(10) 7(7) 13(13) 
Trying to update LRU with 1
In LRU finded elem 1
All htable elems: 6(6) 1(1) 9(9) 4(4) 5(5) 8(8) 3(3) 10(10) 7(7) 13(13) 
Trying to update LRU with 5
In LRU finded elem 5
All htable elems: 1(1) 6(6) 9(9) 4(4) 5(5) 8(8) 3(3) 10(10) 7(7) 13(13) 
Trying to update LRU with 4
In LRU finded elem 4
All htable elems: 5(5) 1(1) 6(6) 9(9) 4(4) 8(8) 3(3) 10(10) 7(7) 13(13) 
Trying to update LRU with 6
In LRU finded elem 6
All htable elems: 4(4) 5(5) 1(1) 6(6) 9(9) 8(8) 3(3) 10(10) 7(7) 13(13) 
Trying to update LRU with 8
In LRU finded elem 8
All htable elems: 0(0) 6(6) 4(4) 5(5) 1(1) 9(9) 8(8) 3(3) 10(10) 13(13) 
Trying to update LRU with 6
In LRU finded elem 6
All htable elems: 8(8) 0(0) 6(6) 4(4) 5(5) 1(1) 9(9) 3(3) 10(10) 13(13) 
Trying to update LRU with 13
In LRU finded elem 13
All htable elems: 13(13) 6(6) 8(8) 0(0) 4(4) 5(5) 1(1) 9(9) 14(14) 3(3) 
Trying to update LRU with 4
In LRU finded elem 4
All htable elems: 13(13) 6(6) 8(8) 0(0) 4(4) 5(5) 1(1) 9(9) 14(14) 3(3) 
Trying to update LRU with 9
In LRU finded elem 9
All htable elems: 4(4) 2(2) 13(13) 6(6) 8(8) 0(0) 5(5) 1(1) 9(9) 14(14) 
Trying to update LRU with 8
In LRU finded elem 8
All htable elems: 9(9) 4(4) 2(2) 13(13) 6(6) 8(8) 0(0) 5(5) 1(1) 14(14) 
Trying to update LRU with 4
In LRU finded elem 4
All htable elems: 8(8) 9(9) 4(4) 2(2) 13(13) 6(6) 0(0) 5(5) 1(1) 14(14) 
Trying to update LRU with 0
In LRU finded elem 0
All htable elems: 4(4) 8(8) 9(9) 2(2) 13(13) 6(6) 0(0) 5(5) 1(1) 14(14) 
Trying to update LRU with 13
In LRU finded elem 13
All htable elems: 0(0) 4(4) 8(8) 9(9) 2(2) 13(13) 6(6) 5(5) 1(1) 14(14) 
Trying to update LRU with 14
In LRU finded elem 14
All htable elems: 0(0) 4(4) 8(8) 9(9) 13(13) 2(2) 6(6) 5(5) 1(1) 14(14) 
Trying to update LRU with 9
In LRU finded elem 9
All htable elems: 14(14) 0(0) 4(4) 8(8) 9(9) 13(13) 2(2) 6(6) 5(5) 1(1) 
Trying to update LRU with 2
In LRU finded elem 2
All htable elems: 9(9) 14(14) 0(0) 4(4) 8(8) 13(13) 2(2) 6(6) 5(5) 1(1) 
Trying to update LRU with 0
In LRU finded elem 0
All htable elems: 9(9) 14(14) 0(0) 4(4) 8(8) 2(2) 13(13) 6(6) 5(5) 1(1) 
Trying to update LRU with 4
In LRU finded elem 4
All htable elems: 0(0) 9(9) 14(14) 4(4) 8(8) 2(2) 13(13) 6(6) 5(5) 1(1) 
Trying to update LRU with 0
In LRU finded elem 0
All htable elems: 4(4) 11(11) 0(0) 9(9) 14(14) 8(8) 2(2) 13(13) 6(6) 5(5) 
Trying to update LRU with 8
In LRU finded elem 8
All htable elems: 4(4) 0(0) 11(11) 9(9) 14(14) 8(8) 2(2) 13(13) 6(6) 5(5) 
Trying to update LRU with 0
In LRU finded elem 0
All htable elems: 8(8) 4(4) 0(0) 11(11) 9(9) 14(14) 2(2) 13(13) 6(6) 5(5) 
Trying to update LRU with 9
In LRU finded elem 9
All htable elems: 12(12) 8(8) 4(4) 0(0) 11(11) 9(9) 14(14) 2(2) 13(13) 6(6) 
Trying to update LRU with 0
In LRU finded elem 0
All htable elems: 7(7) 9(9) 12(12) 8(8) 4(4) 0(0) 11(11) 14(14) 2(2) 13(13) 
Trying to update LRU with 0
In LRU finded elem 0
All htable elems: 10(10) 7(7) 9(9) 12(12) 8(8) 4(4) 0(0) 11(11) 14(14) 2(2) 
Trying to update LRU with 0
In LRU finded elem 0
All htable elems: 10(10) 7(7) 9(9) 12(12) 8(8) 4(4) 0(0) 11(11) 14(14) 2(2) 
Trying to update LRU with 2
In LRU finded elem 2
All htable elems: 10(10) 7(7) 9(9) 12(12) 8(8) 4(4) 0(0) 11(11) 14(14) 2(2) 
Trying to update LRU with 12
In LRU finded elem 12
All htable elems: 5(5) 2(2) 10(10) 7(7) 9(9) 12(12) 8(8) 4(4) 0(0) 11(11) 
Trying to update LRU with 2
In LRU finded elem 2
All htable elems: 12(12) 5(5) 2(2) 10(10) 7(7) 9(9) 8(8) 4(4) 0(0) 11(11) 
Trying to update LRU with 4
In LRU finded elem 4
All htable elems: 2(2) 12(12) 5(5) 10(10) 7(7) 9(9) 8(8) 4(4) 0(0) 11(11) 
Trying to update LRU with 12
In LRU finded elem 12
All htable elems: 4(4) 2(2) 12(12) 5(5) 10(10) 7(7) 9(9) 8(8) 0(0) 11(11) 
Trying to update LRU with 0
In LRU finded elem 0
All htable elems: 12(12) 4(4) 2(2) 5(5) 10(10) 7(7) 9(9) 8(8) 0(0) 11(11) 
Trying to update LRU with 4
In LRU finded elem 4
All htable elems: 3(3) 12(12) 4(4) 2(2) 5(5) 10(10) 7(7) 9(9) 8(8) 0(0) 
Trying to update LRU with 9
In LRU finded elem 9
All htable elems: 4(4) 3(3) 12(12) 2(2) 5(5) 10(10) 7(7) 9(9) 8(8) 0(0) 
Trying to update LRU with 4
In LRU finded elem 4
All htable elems: 9(9) 4(4) 3(3) 12(12) 2(2) 5(5) 10(10) 7(7) 8(8) 0(0) 
Trying to update LRU with 4
In LRU finded elem 4
All htable elems: 4(4) 9(9) 3(3) 12(12) 2(2) 5(5) 10(10) 7(7) 8(8) 0(0) 
Trying to update LRU with 5
In LRU finded elem 5
All htable elems: 6(6) 4(4) 9(9) 3(3) 12(12) 2(2) 5(5) 10(10) 7(7) 0(0) 
Trying to update LRU with 0
In LRU finded elem 0
All htable elems: 5(5) 6(6) 4(4) 9(9) 3(3) 12(12) 2(2) 10(10) 7(7) 0(0) 
Trying to update LRU with 9
In LRU finded elem 9
All htable elems: 0(0) 5(5) 6(6) 4(4) 9(9) 3(3) 12(12) 2(2) 10(10) 7(7) 
Trying to update LRU with 5
In LRU finded elem 5
All htable elems: 9(9) 0(0) 5(5) 6(6) 4(4) 3(3) 12(12) 2(2) 10(10) 7(7) 
Trying to update LRU with 7
In LRU finded elem 7
All htable elems: 5(5) 9(9) 0(0) 6(6) 4(4) 3(3) 12(12) 2(2) 10(10) 7(7) 
Trying to update LRU with 1
In LRU finded elem 1
All htable elems: 8(8) 7(7) 5(5) 9(9) 0(0) 6(6) 4(4) 14(14) 3(3) 1(1) 
Trying to update LRU with 4
In LRU finded elem 4
All htable elems: 13(13) 1(1) 8(8) 7(7) 5(5) 9(9) 0(0) 6(6) 4(4) 14(14) 
Trying to update LRU with 0
In LRU finded elem 0
All htable elems: 4(4) 13(13) 1(1) 8(8) 7(7) 5(5) 9(9) 0(0) 6(6) 14(14) 
Trying to update LRU with 0
In LRU finded elem 0
All htable elems: 0(0) 4(4) 13(13) 1(1) 8(8) 7(7) 5(5) 9(9) 6(6) 14(14) 
Trying to update LRU with 14
In LRU finded elem 14
All htable elems: 0(0) 4(4) 13(13) 1(1) 8(8) 7(7) 5(5) 9(9) 6(6) 14(14) 
Trying to update LRU with 9
In LRU finded elem 9
All htable elems: 14(14) 0(0) 4(4) 13(13) 1(1) 8(8) 7(7) 5(5) 9(9) 6(6) 
Trying to update LRU with 14
In LRU finded elem 14
All htable elems: 9(9) 14(14) 0(0) 4(4) 13(13) 1(1) 8(8) 7(7) 5(5) 6(6) 
Trying to update LRU with 9
In LRU finded elem 9
All htable elems: 14(14) 9(9) 0(0) 4(4) 13(13) 1(1) 8(8) 7(7) 5(5) 6(6) 
Trying to update LRU with 4
In LRU finded elem 4
All htable elems: 9(9) 14(14) 0(0) 4(4) 13(13) 1(1) 8(8) 7(7) 5(5) 6(6) 
Trying to update LRU with 5
In LRU finded elem 5
All htable elems: 4(4) 9(9) 14(14) 0(0) 13(13) 1(1) 8(8) 7(7) 5(5) 6(6) 
Trying to update LRU with 5
In LRU finded elem 5
All htable elems: 5(5) 4(4) 9(9) 14(14) 0(0) 13(13) 1(1) 8(8) 7(7) 6(6) 
Trying to update LRU with 6
In LRU finded elem 6
All htable elems: 5(5) 4(4) 9(9) 14(14) 0(0) 13(13) 1(1) 8(8) 7(7) 6(6) 
Trying to update LRU with 6
In LRU finded elem 6
All htable elems: 6(6) 5(5) 4(4) 9(9) 14(14) 0(0) 13(13) 1(1) 8(8) 7(7) 
Trying to update LRU with 14
In LRU finded elem 14
All htable elems: 6(6) 5(5) 4(4) 9(9) 14(14) 0(0) 13(13) 1(1) 8(8) 7(7) 
Trying to update LRU with 13
In LRU finded elem 13
All htable elems: 14(14) 6(6) 5(5) 4(4) 9(9) 11(11) 0(0) 13(13) 1(1) 8(8) 
Trying to update LRU with 13
In LRU finded elem 13
All htable elems: 13(13) 14(14) 6(6) 5(5) 4(4) 9(9) 11(11) 0(0) 1(1) 8(8) 
Trying to update LRU with 14
In LRU finded elem 14
All htable elems: 13(13) 14(14) 6(6) 5(5) 4(4) 9(9) 11(11) 0(0) 1(1) 8(8) 
Trying to update LRU with 14
In LRU finded elem 14
All htable elems: 14(14) 13(13) 6(6) 5(5) 4(4) 9(9) 11(11) 0(0) 1(1) 8(8) 
Trying to update LRU with 14
In LRU finded elem 14
All htable elems: 14(14) 13(13) 6(6) 5(5) 4(4) 9(9) 11(11) 0(0) 1(1) 8(8) 
Trying to update LRU with 11
In LRU finded elem 11
All htable elems: 14(14) 13(13) 6(6) 5(5) 4(4) 9(9) 11(11) 0(0) 1(1) 8(8) 
Trying to update LRU with 14
In LRU finded elem 14
All htable elems: 14(14) 2(2) 13(13) 6(6) 5(5) 4(4) 9(9) 11(11) 0(0) 1(1) 
Trying to update LRU with 11
In LRU finded elem 11
All htable elems: 10(10) 14(14) 2(2) 13(13) 6(6) 5(5) 4(4) 9(9) 11(11) 0(0) 
Trying to update LRU with 4
In LRU finded elem 4
All htable elems: 10(10) 14(14) 2(2) 13(13) 6(6) 5(5) 4(4) 9(9) 11(11) 0(0) 
Trying to update LRU with 6
In LRU finded elem 6
All htable elems: 4(4) 10(10) 14(14) 2(2) 13(13) 6(6) 5(5) 9(9) 11(11) 0(0) 
Trying to update LRU with 5
In LRU finded elem 5
All htable elems: 6(6) 4(4) 10(10) 14(14) 2(2) 13(13) 5(5) 9(9) 11(11) 0(0) 
Trying to update LRU with 13
In LRU finded elem 13
All htable elems: 5(5) 6(6) 4(4) 10(10) 14(14) 2(2) 13(13) 9(9) 11(11) 0(0) 
Trying to update LRU with 2
In LRU finded elem 2
All htable elems: 5(5) 6(6) 4(4) 10(10) 14(14) 13(13) 2(2) 9(9) 11(11) 0(0) 
Trying to update LRU with 4
In LRU finded elem 4
All htable elems: 12(12) 5(5) 6(6) 4(4) 10(10) 14(14) 2(2) 13(13) 9(9) 11(11) 
Trying to update LRU with 2
In LRU finded elem 2
All htable elems: 4(4) 12(12) 5(5) 6(6) 10(10) 14(14) 2(2) 13(13) 9(9) 11(11) 
Trying to update LRU with 10
In LRU finded elem 10
All htable elems: 4(4) 12(12) 5(5) 6(6) 10(10) 14(14) 2(2) 13(13) 9(9) 11(11) 
Trying to update LRU with 14
In LRU finded elem 14
All htable elems: 10(10) 4(4) 12(12) 5(5) 6(6) 14(14) 2(2) 13(13) 9(9) 11(11) 
Trying to update LRU with 10
In LRU finded elem 10
All htable elems: 14(14) 10(10) 4(4) 12(12) 5(5) 6(6) 2(2) 13(13) 9(9) 11(11) 
Trying to update LRU with 12
In LRU finded elem 12
All htable elems: 10(10) 14(14) 4(4) 12(12) 5(5) 6(6) 2(2) 13(13) 9(9) 11(11) 
Trying to update LRU with 4
In LRU finded elem 4
All htable elems: 12(12) 10(10) 14(14) 4(4) 5(5) 6(6) 2(2) 13(13) 9(9) 11(11) 
Trying to update LRU with 12
In LRU finded elem 12
All htable elems: 4(4) 12(12) 10(10) 14(14) 5(5) 6(6) 2(2) 13(13) 9(9) 11(11) 
Trying to update LRU with 6
In LRU finded elem 6
All htable elems: 12(12) 4(4) 10(10) 14(14) 5(5) 6(6) 2(2) 13(13) 9(9) 11(11) 
Trying to update LRU with 14
In LRU finded elem 14
All htable elems: 8(8) 6(6) 12(12) 4(4) 10(10) 14(14) 5(5) 2(2) 13(13) 11(11) 
Trying to update LRU with 8
In LRU finded elem 8
All htable elems: 14(14) 8(8) 6(6) 12(12) 4(4) 10(10) 5(5) 2(2) 13(13) 11(11) 
Trying to update LRU with 8
In LRU finded elem 8
All htable elems: 8(8) 14(14) 6(6) 12(12) 4(4) 10(10) 5(5) 2(2) 13(13) 11(11) 
Trying to update LRU with 2
In LRU finded elem 2
All htable elems: 8(8) 14(14) 6(6) 12(12) 4(4) 10(10) 5(5) 2(2) 13(13) 11(11) 
Trying to update LRU with 6
In LRU finded elem 6
All htable elems: 8(8) 14(14) 6(6) 12(12) 4(4) 10(10) 5(5) 2(2) 13(13) 11(11) 
Trying to update LRU with 2
In LRU finded elem 2
All htable elems: 6(6) 8(8) 14(14) 12(12) 4(4) 10(10) 5(5) 2(2) 13(13) 11(11) 
Trying to update LRU with 6
In LRU finded elem 6
All htable elems: 6(6) 8(8) 14(14) 1(1) 12(12) 4(4) 10(10) 5(5) 2(2) 13(13) 
Trying to update LRU with 10
In LRU finded elem 10
All htable elems: 7(7) 6(6) 8(8) 14(14) 1(1) 12(12) 4(4) 10(10) 2(2) 13(13) 
Trying to update LRU with 10
In LRU finded elem 10
All htable elems: 10(10) 7(7) 6(6) 8(8) 14(14) 1(1) 12(12) 4(4) 2(2) 13(13) 
Trying to update LRU with 10
In LRU finded elem 10
All htable elems: 10(10) 7(7) 6(6) 8(8) 14(14) 1(1) 12(12) 4(4) 2(2) 13(13) 
Trying to update LRU with 1
In LRU finded elem 1
All htable elems: 10(10) 7(7) 6(6) 8(8) 14(14) 1(1) 12(12) 4(4) 2(2) 13(13) 
Trying to update LRU with 12
In LRU finded elem 12
All htable elems: 10(10) 7(7) 6(6) 8(8) 14(14) 1(1) 12(12) 4(4) 2(2) 13(13) 
Trying to update LRU with 13
In LRU finded elem 13
All htable elems: 10(10) 7(7) 6(6) 8(8) 14(14) 12(12) 1(1) 4(4) 2(2) 13(13) 
Trying to update LRU with 2
In LRU finded elem 2
All htable elems: 10(10) 7(7) 6(6) 8(8) 14(14) 12(12) 1(1) 4(4) 13(13) 2(2) 
Trying to update LRU with 2
In LRU finded elem 2
All htable elems: 10(10) 7(7) 6(6) 8(8) 14(14) 12(12) 1(1) 4(4) 2(2) 13(13) 
Trying to update LRU with 4
In LRU finded elem 4
All htable elems: 10(10) 7(7) 6(6) 8(8) 14(14) 12(12) 1(1) 4(4) 2(2) 13(13) 
Trying to update LRU with 1
In LRU finded elem 1
All htable elems: 4(4) 10(10) 7(7) 6(6) 8(8) 14(14) 12(12) 1(1) 2(2) 13(13) 
Trying to update LRU with 8
In LRU finded elem 8
All htable elems: 4(4) 10(10) 7(7) 6(6) 8(8) 14(14) 1(1) 12(12) 2(2) 13(13) 
Trying to update LRU with 2
In LRU finded elem 2
All htable elems: 8(8) 4(4) 10(10) 7(7) 6(6) 14(14) 1(1) 12(12) 2(2) 13(13) 
Trying to update LRU with 1
In LRU finded elem 1
All htable elems: 8(8) 4(4) 10(10) 7(7) 6(6) 14(14) 1(1) 12(12) 2(2) 13(13) 
Trying to update LRU with 10
In LRU finded elem 10
All htable elems: 8(8) 4(4) 10(10) 7(7) 6(6) 14(14) 1(1) 12(12) 2(2) 13(13) 
Trying to update LRU with 8
In LRU finded elem 8
All htable elems: 10(10) 8(8) 4(4) 7(7) 6(6) 14(14) 1(1) 12(12) 2(2) 13(13) 
Trying to update LRU with 14
In LRU finded elem 14
All htable elems: 8(8) 10(10) 4(4) 7(7) 6(6) 14(14) 1(1) 12(12) 2(2) 13(13) 
Trying to update LRU with 14
In LRU finded elem 14
All htable elems: 14(14) 8(8) 10(10) 4(4) 7(7) 6(6) 1(1) 12(12) 2(2) 13(13) 
Trying to update LRU with 4
In LRU finded elem 4
All htable elems: 14(14) 8(8) 10(10) 4(4) 7(7) 6(6) 1(1) 12(12) 2(2) 13(13) 
Trying to update LRU with 1
In LRU finded elem 1
All htable elems: 4(4) 14(14) 8(8) 10(10) 7(7) 6(6) 1(1) 12(12) 2(2) 13(13) 
Trying to update LRU with 1
In LRU finded elem 1
All htable elems: 4(4) 14(14) 8(8) 10(10) 7(7) 6(6) 1(1) 12(12) 2(2) 13(13) 
Trying to update LRU with 12
In LRU finded elem 12
All htable elems: 4(4) 3(3) 14(14) 8(8) 10(10) 7(7) 1(1) 12(12) 2(2) 13(13) 
Trying to update LRU with 1
In LRU finded elem 1
All htable elems: 4(4) 3(3) 14(14) 8(8) 10(10) 7(7) 12(12) 1(1) 2(2) 13(13) 
Trying to update LRU with 10
In LRU finded elem 10
All htable elems: 9(9) 4(4) 3(3) 14(14) 8(8) 10(10) 1(1) 12(12) 2(2) 13(13) 
Trying to update LRU with 3
In LRU finded elem 3
All htable elems: 10(10) 9(9) 4(4) 3(3) 14(14) 8(8) 1(1) 12(12) 2(2) 13(13) 
Trying to update LRU with 14
In LRU finded elem 14
All htable elems: 10(10) 9(9) 4(4) 3(3) 14(14) 8(8) 1(1) 12(12) 2(2) 13(13) 
Trying to update LRU with 10
In LRU finded elem 10
All htable elems: 10(10) 9(9) 4(4) 14(14) 3(3) 8(8) 1(1) 12(12) 2(2) 13(13) 
Trying to update LRU with 3
In LRU finded elem 3
All htable elems: 10(10) 9(9) 4(4) 14(14) 3(3) 8(8) 1(1) 12(12) 2(2) 13(13) 
Trying to update LRU with 1
In LRU finded elem 1
All htable elems: 10(10) 9(9) 4(4) 3(3) 14(14) 8(8) 1(1) 12(12) 2(2) 13(13) 
Trying to update LRU with 4
In LRU finded elem 4
All htable elems: 11(11) 10(10) 9(9) 4(4) 3(3) 14(14) 8(8) 1(1) 12(12) 2(2) 
Trying to update LRU with 1
In LRU finded elem 1
All htable elems: 4(4) 11(11) 10(10) 9(9) 3(3) 14(14) 8(8) 1(1) 12(12) 2(2) 
Trying to update LRU with 14
In LRU finded elem 14
All htable elems: 4(4) 11(11) 10(10) 9(9) 3(3) 14(14) 8(8) 1(1) 12(12) 2(2) 
Trying to update LRU with 1
In LRU finded elem 1
All htable elems: 5(5) 4(4) 11(11) 10(10) 9(9) 14(14) 3(3) 8(8) 1(1) 12(12) 
Trying to update LRU with 11
In LRU finded elem 11
All htable elems: 5(5) 4(4) 11(11) 10(10) 9(9) 14(14) 3(3) 8(8) 1(1) 12(12) 
Trying to update LRU with 3
In LRU finded elem 3
All htable elems: 11(11) 5(5) 4(4) 10(10) 9(9) 14(14) 3(3) 8(8) 1(1) 12(12) 
Trying to update LRU with 12
In LRU finded elem 12
All htable elems: 11(11) 5(5) 4(4) 10(10) 9(9) 3(3) 14(14) 8(8) 1(1) 12(12) 
Trying to update LRU with 8
In LRU finded elem 8
All htable elems: 11(11) 5(5) 4(4) 10(10) 9(9) 3(3) 14(14) 8(8) 12(12) 1(1) 
Trying to update LRU with 14
In LRU finded elem 14
All htable elems: 8(8) 11(11) 5(5) 4(4) 10(10) 9(9) 3(3) 14(14) 12(12) 1(1) 
Trying to update LRU with 14
In LRU finded elem 14
All htable elems: 8(8) 11(11) 5(5) 4(4) 10(10) 9(9) 14(14) 3(3) 12(12) 1(1) 
Trying to update LRU with 11
In LRU finded elem 11
All htable elems: 8(8) 11(11) 5(5) 4(4) 10(10) 9(9) 14(14) 3(3) 12(12) 1(1) 
Trying to update LRU with 4
In LRU finded elem 4
All htable elems: 11(11) 8(8) 5(5) 4(4) 10(10) 9(9) 14(14) 3(3) 12(12) 1(1) 
Trying to update LRU with 1
In LRU finded elem 1
All htable elems: 4(4) 11(11) 8(8) 5(5) 10(10) 9(9) 14(14) 3(3) 12(12) 1(1) 
Trying to update LRU with 4
In LRU finded elem 4
All htable elems: 7(7) 4(4) 0(0) 11(11) 8(8) 5(5) 14(14) 3(3) 1(1) 12(12) 
Trying to update LRU with 5
In LRU finded elem 5
All htable elems: 4(4) 7(7) 0(0) 11(11) 8(8) 5(5) 14(14) 3(3) 1(1) 12(12) 
Trying to update LRU with 4
In LRU finded elem 4
All htable elems: 5(5) 4(4) 7(7) 0(0) 11(11) 8(8) 14(14) 3(3) 1(1) 12(12) 
Trying to update LRU with 3
In LRU finded elem 3
All htable elems: 4(4) 5(5) 7(7) 0(0) 11(11) 8(8) 14(14) 3(3) 1(1) 12(12) 
Trying to update LRU with 7
In LRU finded elem 7
All htable elems: 4(4) 5(5) 7(7) 0(0) 11(11) 8(8) 3(3) 14(14) 1(1) 12(12) 
Trying to update LRU with 14
In LRU finded elem 14
All htable elems: 7(7) 4(4) 5(5) 0(0) 11(11) 8(8) 3(3) 14(14) 1(1) 12(12) 
Trying to update LRU with 11
In LRU finded elem 11
All htable elems: 10(10) 2(2) 7(7) 4(4) 5(5) 0(0) 11(11) 14(14) 3(3) 1(1) 
Trying to update LRU with 1
In LRU finded elem 1
All htable elems: 10(10) 2(2) 7(7) 4(4) 5(5) 11(11) 0(0) 14(14) 3(3) 1(1) 
Trying to update LRU with 5
In LRU finded elem 5
All htable elems: 1(1) 10(10) 2(2) 7(7) 4(4) 5(5) 11(11) 0(0) 14(14) 3(3) 
Trying to update LRU with 2
In LRU finded elem 2
All htable elems: 5(5) 1(1) 10(10) 2(2) 7(7) 4(4) 11(11) 0(0) 14(14) 3(3) 
Trying to update LRU with 7
In LRU finded elem 7
All htable elems: 2(2) 5(5) 1(1) 10(10) 7(7) 4(4) 11(11) 0(0) 14(14) 3(3) 
Trying to update LRU with 14
In LRU finded elem 14
All htable elems: 7(7) 2(2) 5(5) 1(1) 10(10) 4(4) 11(11) 0(0) 14(14) 3(3) 
Trying to update LRU with 4
In LRU finded elem 4
All htable elems: 7(7) 2(2) 5(5) 1(1) 10(10) 4(4) 11(11) 0(0) 14(14) 3(3) 
Trying to update LRU with 2
In LRU finded elem 2
All htable elems: 4(4) 7(7) 2(2) 5(5) 1(1) 10(10) 11(11) 0(0) 14(14) 3(3) 
Trying to update LRU with 5
In LRU finded elem 5
All htable elems: 2(2) 4(4) 7(7) 5(5) 1(1) 10(10) 11(11) 0(0) 14(14) 3(3) 
Trying to update LRU with 4
In LRU finded elem 4
All htable elems: 5(5) 2(2) 4(4) 7(7) 1(1) 10(10) 11(11) 0(0) 14(14) 3(3) 
Trying to update LRU with 0
In LRU finded elem 0
All htable elems: 4(4) 5(5) 2(2) 7(7) 1(1) 10(10) 11(11) 0(0) 14(14) 3(3) 
Trying to update LRU with 11
In LRU finded elem 11
All htable elems: 4(4) 5(5) 2(2) 7(7) 1(1) 10(10) 0(0) 11(11) 14(14) 3(3) 
Trying to update LRU with 11
In LRU finded elem 11
All htable elems: 4(4) 5(5) 2(2) 7(7) 1(1) 10(10) 11(11) 0(0) 14(14) 3(3) 
Trying to update LRU with 0
In LRU finded elem 0
All htable elems: 4(4) 5(5) 2(2) 7(7) 1(1) 10(10) 11(11) 0(0) 14(14) 3(3) 
Trying to update LRU with 14
In LRU finded elem 14
All htable elems: 4(4) 5(5) 2(2) 7(7) 1(1) 10(10) 0(0) 11(11) 14(14) 3(3) 
Trying to update LRU with 2
In LRU finded elem 2
All htable elems: 4(4) 5(5) 2(2) 7(7) 1(1) 10(10) 0(0) 11(11) 14(14) 3(3) 
Trying to update LRU with 4
In LRU finded elem 4
All htable elems: 2(2) 4(4) 5(5) 7(7) 1(1) 10(10) 0(0) 11(11) 14(14) 3(3) 
Trying to update LRU with 11
In LRU finded elem 11
All htable elems: 4(4) 2(2) 5(5) 7(7) 1(1) 10(10) 0(0) 11(11) 14(14) 3(3) 
Trying to update LRU with 10
In LRU finded elem 10
All htable elems: 4(4) 2(2) 5(5) 7(7) 1(1) 10(10) 11(11) 0(0) 14(14) 3(3) 
Trying to update LRU with 7
In LRU finded elem 7
All htable elems: 10(10) 4(4) 2(2) 5(5) 7(7) 1(1) 11(11) 0(0) 14(14) 3(3) 
Trying to update LRU with 3
In LRU finded elem 3
All htable elems: 7(7) 10(10) 4(4) 2(2) 5(5) 1(1) 11(11) 0(0) 14(14) 3(3) 
Trying to update LRU with 4
In LRU finded elem 4
All htable elems: 7(7) 10(10) 4(4) 2(2) 5(5) 1(1) 11(11) 0(0) 3(3) 14(14) 
Trying to update LRU with 4
In LRU finded elem 4
All htable elems: 4(4) 7(7) 10(10) 2(2) 5(5) 1(1) 11(11) 0(0) 3(3) 14(14) 
Trying to update LRU with 3
In LRU finded elem 3
All htable elems: 4(4) 7(7) 10(10) 2(2) 5(5) 1(1) 11(11) 0(0) 3(3) 14(14) 
Trying to update LRU with 0
In LRU finded elem 0
All htable elems: 4(4) 7(7) 10(10) 2(2) 5(5) 1(1) 11(11) 0(0) 3(3) 14(14) 
Trying to update LRU with 11
In LRU finded elem 11
All htable elems: 4(4) 7(7) 10(10) 2(2) 5(5) 1(1) 0(0) 11(11) 3(3) 14(14) 
Trying to update LRU with 5
In LRU finded elem 5
All htable elems: 4(4) 7(7) 10(10) 2(2) 5(5) 1(1) 11(11) 0(0) 3(3) 14(14) 
Trying to update LRU with 6
In LRU finded elem 6
All htable elems: 6(6) 5(5) 4(4) 7(7) 10(10) 2(2) 11(11) 0(0) 3(3) 14(14) 
Trying to update LRU with 11
In LRU finded elem 11
All htable elems: 6(6) 5(5) 4(4) 7(7) 10(10) 2(2) 11(11) 0(0) 3(3) 14(14) 
Trying to update LRU with 0
In LRU finded elem 0
All htable elems: 6(6) 5(5) 4(4) 7(7) 10(10) 2(2) 11(11) 0(0) 3(3) 14(14) 
Trying to update LRU with 11
In LRU finded elem 11
All htable elems: 6(6) 5(5) 4(4) 7(7) 10(10) 2(2) 0(0) 11(11) 3(3) 14(14) 
Trying to update LRU with 5
In LRU finded elem 5
All htable elems: 12(12) 6(6) 5(5) 4(4) 7(7) 10(10) 2(2) 11(11) 0(0) 3(3) 
Trying to update LRU with 3
In LRU finded elem 3
All htable elems: 5(5) 12(12) 6(6) 4(4) 7(7) 10(10) 2(2) 11(11) 0(0) 3(3) 
Trying to update LRU with 0
In LRU finded elem 0
All htable elems: 3(3) 5(5) 12(12) 6(6) 4(4) 7(7) 10(10) 2(2) 11(11) 0(0) 
Trying to update LRU with 7
In LRU finded elem 7
All htable elems: 13(13) 3(3) 5(5) 12(12) 6(6) 4(4) 7(7) 10(10) 0(0) 11(11) 
Trying to update LRU with 11
In LRU finded elem 11
All htable elems: 7(7) 13(13) 3(3) 5(5) 12(12) 6(6) 4(4) 10(10) 0(0) 11(11) 
Trying to update LRU with 3
In LRU finded elem 3
All htable elems: 7(7) 13(13) 3(3) 5(5) 12(12) 6(6) 4(4) 10(10) 11(11) 0(0) 
Trying to update LRU with 6
In LRU finded elem 6
All htable elems: 3(3) 7(7) 13(13) 5(5) 12(12) 6(6) 4(4) 10(10) 11(11) 0(0) 
Trying to update LRU with 5
In LRU finded elem 5
All htable elems: 6(6) 3(3) 7(7) 13(13) 5(5) 12(12) 4(4) 10(10) 11(11) 0(0) 
Trying to update LRU with 0
In LRU finded elem 0
All htable elems: 5(5) 6(6) 3(3) 7(7) 13(13) 12(12) 4(4) 10(10) 11(11) 0(0) 
Trying to update LRU with 7
In LRU finded elem 7
All htable elems: 9(9) 5(5) 6(6) 3(3) 7(7) 13(13) 12(12) 4(4) 0(0) 11(11) 
Trying to update LRU with 4
In LRU finded elem 4
All htable elems: 7(7) 9(9) 5(5) 6(6) 3(3) 13(13) 12(12) 4(4) 0(0) 11(11) 
Trying to update LRU with 3
In LRU finded elem 3
All htable elems: 4(4) 7(7) 9(9) 5(5) 6(6) 3(3) 13(13) 12(12) 0(0) 11(11) 
Trying to update LRU with 13
In LRU finded elem 13
All htable elems: 3(3) 4(4) 7(7) 9(9) 5(5) 6(6) 13(13) 12(12) 0(0) 11(11) 
Trying to update LRU with 9
In LRU finded elem 9
All htable elems: 13(13) 3(3) 4(4) 7(7) 9(9) 5(5) 6(6) 12(12) 0(0) 11(11) 
Trying to update LRU with 0
In LRU finded elem 0
All htable elems: 9(9) 13(13) 3(3) 4(4) 7(7) 5(5) 6(6) 12(12) 0(0) 11(11) 
Trying to update LRU with 5
In LRU finded elem 5
All htable elems: 9(9) 13(13) 3(3) 4(4) 7(7) 5(5) 6(6) 12(12) 0(0) 11(11) 
Trying to update LRU with 0
In LRU finded elem 0
All htable elems: 5(5) 9(9) 13(13) 3(3) 4(4) 7(7) 6(6) 12(12) 0(0) 11(11) 
Trying to update LRU with 3
In LRU finded elem 3
All htable elems: 5(5) 9(9) 13(13) 3(3) 4(4) 7(7) 6(6) 12(12) 0(0) 11(11) 
Trying to update LRU with 3
In LRU finded elem 3
All htable elems: 3(3) 5(5) 9(9) 13(13) 4(4) 7(7) 6(6) 12(12) 0(0) 11(11) 
Trying to update LRU with 7
In LRU finded elem 7
All htable elems: 3(3) 5(5) 9(9) 13(13) 4(4) 7(7) 6(6) 12(12) 0(0) 11(11) 
Trying to update LRU with 4
In LRU finded elem 4
All htable elems: 7(7) 3(3) 5(5) 9(9) 13(13) 4(4) 6(6) 12(12) 0(0) 11(11) 
Trying to update LRU with 5
In LRU finded elem 5
All htable elems: 4(4) 7(7) 3(3) 5(5) 9(9) 13(13) 6(6) 12(12) 0(0) 11(11) 
Trying to update LRU with 0
In LRU finded elem 0
All htable elems: 5(5) 4(4) 7(7) 3(3) 9(9) 13(13) 6(6) 12(12) 0(0) 11(11) 
Trying to update LRU with 3
In LRU finded elem 3
All htable elems: 5(5) 4(4) 7(7) 3(3) 9(9) 13(13) 6(6) 12(12) 0(0) 11(11) 
Trying to update LRU with 6
In LRU finded elem 6
All htable elems: 3(3) 5(5) 4(4) 7(7) 9(9) 13(13) 6(6) 12(12) 0(0) 11(11) 
Trying to update LRU with 12
In LRU finded elem 12
All htable elems: 6(6) 3(3) 5(5) 4(4) 7(7) 9(9) 13(13) 12(12) 0(0) 11(11) 
Trying to update LRU with 6
In LRU finded elem 6
All htable elems: 12(12) 6(6) 3(3) 5(5) 4(4) 7(7) 9(9) 2(2) 13(13) 0(0) 
Trying to update LRU with 4
In LRU finded elem 4
All htable elems: 6(6) 12(12) 3(3) 5(5) 4(4) 7(7) 9(9) 2(2) 13(13) 0(0) 
Trying to update LRU with 13
In LRU finded elem 13
All htable elems: 4(4) 6(6) 12(12) 3(3) 5(5) 7(7) 9(9) 2(2) 13(13) 0(0) 
Trying to update LRU with 6
In LRU finded elem 6
All htable elems: 4(4) 6(6) 12(12) 3(3) 5(5) 7(7) 9(9) 13(13) 2(2) 0(0) 
Trying to update LRU with 5
In LRU finded elem 5
All htable elems: 8(8) 6(6) 4(4) 12(12) 3(3) 5(5) 7(7) 13(13) 2(2) 0(0) 
Trying to update LRU with 13
In LRU finded elem 13
All htable elems: 5(5) 8(8) 6(6) 4(4) 12(12) 3(3) 7(7) 13(13) 2(2) 0(0) 
Trying to update LRU with 6
In LRU finded elem 6
All htable elems: 5(5) 8(8) 6(6) 4(4) 12(12) 3(3) 7(7) 13(13) 2(2) 0(0) 
Trying to update LRU with 4
In LRU finded elem 4
All htable elems: 6(6) 5(5) 8(8) 4(4) 12(12) 3(3) 7(7) 13(13) 2(2) 0(0) 
Trying to update LRU with 3
In LRU finded elem 3
All htable elems: 4(4) 6(6) 5(5) 8(8) 12(12) 3(3) 7(7) 13(13) 2(2) 0(0) 
Trying to update LRU with 6
In LRU finded elem 6
All htable elems: 3(3) 4(4) 6(6) 5(5) 8(8) 12(12) 7(7) 13(13) 2(2) 0(0) 
Trying to update LRU with 5
In LRU finded elem 5
All htable elems: 6(6) 3(3) 4(4) 5(5) 8(8) 12(12) 7(7) 13(13) 2(2) 0(0) 
Trying to update LRU with 4
In LRU finded elem 4
All htable elems: 5(5) 6(6) 3(3) 4(4) 8(8) 12(12) 7(7) 13(13) 2(2) 0(0) 
Trying to update LRU with 5
In LRU finded elem 5
All htable elems: 4(4) 5(5) 6(6) 3(3) 8(8) 12(12) 7(7) 13(13) 2(2) 0(0) 
Trying to update LRU with 13
In LRU finded elem 13
All htable elems: 10(10) 5(5) 4(4) 6(6) 3(3) 8(8) 12(12) 13(13) 2(2) 0(0) 
Trying to update LRU with 12
In LRU finded elem 12
All htable elems: 10(10) 5(5) 4(4) 6(6) 3(3) 8(8) 12(12) 13(13) 2(2) 0(0) 
Trying to update LRU with 3
In LRU finded elem 3
All htable elems: 12(12) 10(10) 5(5) 4(4) 6(6) 3(3) 8(8) 13(13) 2(2) 0(0) 
Trying to update LRU with 4
In LRU finded elem 4
All htable elems: 3(3) 12(12) 10(10) 5(5) 4(4) 6(6) 8(8) 13(13) 2(2) 0(0) 
Trying to update LRU with 3
In LRU finded elem 3
All htable elems: 4(4) 3(3) 12(12) 10(10) 5(5) 6(6) 8(8) 13(13) 2(2) 0(0) 
Trying to update LRU with 13
In LRU finded elem 13
All htable elems: 3(3) 4(4) 12(12) 10(10) 5(5) 6(6) 8(8) 13(13) 2(2) 0(0) 
Trying to update LRU with 5
In LRU finded elem 5
All htable elems: 3(3) 4(4) 12(12) 10(10) 5(5) 6(6) 8(8) 13(13) 2(2) 0(0) 
Trying to update LRU with 0
In LRU finded elem 0
All htable elems: 5(5) 3(3) 4(4) 12(12) 10(10) 6(6) 8(8) 13(13) 2(2) 0(0) 
Trying to update LRU with 5
In LRU finded elem 5
All htable elems: 0(0) 5(5) 3(3) 4(4) 12(12) 10(10) 6(6) 8(8) 13(13) 2(2) 
Trying to update LRU with 6
In LRU finded elem 6
All htable elems: 5(5) 0(0) 3(3) 4(4) 12(12) 10(10) 6(6) 8(8) 13(13) 2(2) 
Trying to update LRU with 12
In LRU finded elem 12
All htable elems: 6(6) 5(5) 0(0) 3(3) 4(4) 12(12) 10(10) 8(8) 13(13) 2(2) 
Trying to update LRU with 0
In LRU finded elem 0
All htable elems: 12(12) 6(6) 5(5) 0(0) 3(3) 4(4) 10(10) 8(8) 13(13) 2(2) 
Trying to update LRU with 13
In LRU finded elem 13
All htable elems: 0(0) 12(12) 6(6) 5(5) 3(3) 4(4) 10(10) 8(8) 13(13) 2(2) 
Trying to update LRU with 3
In LRU finded elem 3
All htable elems: 0(0) 12(12) 6(6) 5(5) 3(3) 4(4) 10(10) 8(8) 13(13) 2(2) 
Trying to update LRU with 12
In LRU finded elem 12
All htable elems: 3(3) 0(0) 12(12) 6(6) 5(5) 4(4) 10(10) 8(8) 13(13) 2(2) 
Trying to update LRU with 0
In LRU finded elem 0
All htable elems: 9(9) 12(12) 3(3) 11(11) 0(0) 6(6) 5(5) 4(4) 10(10) 13(13) 
Trying to update LRU with 10
In LRU finded elem 10
All htable elems: 9(9) 12(12) 3(3) 0(0) 11(11) 6(6) 5(5) 4(4) 10(10) 13(13) 
Trying to update LRU with 3
In LRU finded elem 3
All htable elems: 10(10) 9(9) 12(12) 3(3) 0(0) 11(11) 6(6) 5(5) 4(4) 13(13) 
Trying to update LRU with 3
In LRU finded elem 3
All htable elems: 3(3) 10(10) 9(9) 12(12) 0(0) 11(11) 6(6) 5(5) 4(4) 13(13) 
Trying to update LRU with 13
In LRU finded elem 13
All htable elems: 3(3) 10(10) 9(9) 12(12) 0(0) 11(11) 6(6) 5(5) 4(4) 13(13) 
Trying to update LRU with 9
In LRU finded elem 9
All htable elems: 13(13) 3(3) 10(10) 9(9) 12(12) 0(0) 11(11) 6(6) 5(5) 4(4) 
Trying to update LRU with 10
In LRU finded elem 10
All htable elems: 9(9) 13(13) 3(3) 10(10) 12(12) 0(0) 11(11) 6(6) 5(5) 4(4) 
Trying to update LRU with 10
In LRU finded elem 10
All htable elems: 10(10) 9(9) 13(13) 14(14) 3(3) 12(12) 0(0) 11(11) 6(6) 5(5) 
Trying to update LRU with 13
In LRU finded elem 13
All htable elems: 10(10) 9(9) 13(13) 14(14) 3(3) 12(12) 0(0) 11(11) 6(6) 5(5) 
Trying to update LRU with 5
In LRU finded elem 5
All htable elems: 13(13) 10(10) 9(9) 14(14) 3(3) 12(12) 0(0) 11(11) 6(6) 5(5) 
Trying to update LRU with 0
In LRU finded elem 0
All htable elems: 5(5) 13(13) 10(10) 9(9) 14(14) 3(3) 12(12) 0(0) 11(11) 6(6) 
Trying to update LRU with 3
In LRU finded elem 3
All htable elems: 5(5) 13(13) 10(10) 9(9) 14(14) 3(3) 12(12) 0(0) 11(11) 6(6) 
Trying to update LRU with 0
In LRU finded elem 0
All htable elems: 5(5) 13(13) 10(10) 9(9) 3(3) 14(14) 12(12) 0(0) 11(11) 6(6) 
Trying to update LRU with 5
In LRU finded elem 5
All htable elems: 5(5) 13(13) 10(10) 9(9) 3(3) 14(14) 12(12) 0(0) 11(11) 6(6) 
Trying to update LRU with 0
In LRU finded elem 0
All htable elems: 5(5) 13(13) 10(10) 9(9) 3(3) 14(14) 12(12) 0(0) 11(11) 6(6) 
Trying to update LRU with 1
In LRU finded elem 1
All htable elems: 5(5) 13(13) 10(10) 9(9) 3(3) 14(14) 1(1) 12(12) 0(0) 11(11) 
Trying to update LRU with 11
In LRU finded elem 11
All htable elems: 5(5) 13(13) 10(10) 9(9) 3(3) 14(14) 1(1) 12(12) 0(0) 11(11) 
Trying to update LRU with 11
In LRU finded elem 11
All htable elems: 5(5) 13(13) 10(10) 9(9) 3(3) 14(14) 1(1) 12(12) 11(11) 0(0) 
Trying to update LRU with 9
In LRU finded elem 9
All htable elems: 5(5) 13(13) 10(10) 9(9) 3(3) 14(14) 1(1) 12(12) 11(11) 0(0) 
Trying to update LRU with 13
In LRU finded elem 13
All htable elems: 9(9) 5(5) 13(13) 10(10) 3(3) 14(14) 1(1) 12(12) 11(11) 0(0) 
Trying to update LRU with 14
In LRU finded elem 14
All htable elems: 13(13) 9(9) 5(5) 10(10) 3(3) 14(14) 1(1) 12(12) 11(11) 0(0) 
Trying to update LRU with 12
In LRU finded elem 12
All htable elems: 13(13) 9(9) 5(5) 10(10) 14(14) 3(3) 1(1) 12(12) 11(11) 0(0) 
Trying to update LRU with 9
In LRU finded elem 9
[...]

After updating with 9 we have: 
Lru:
9 1 11 12 0 8 5 14 7 10 
Ain1:
4 6 6 
Ain2:
3 10 


Input: 6 9 12 13 14 4 4 13 11 10 
LRU: 9 1 11 12 0 8 5 14 7 10 
We finded elem 10 in input at pos 9.
Input: 6 9 12 13 14 4 4 13 11 10 
Elem for swap not finded :(

After updating with 6 we have: 
Lru:
9 1 11 12 0 8 5 14 7 10 
Ain1:
6 4 
Ain2:
6 3 10 


Input: 9 12 13 14 4 4 13 11 10 8 
LRU: 9 1 11 12 0 8 5 14 7 10 
We finded elem 10 in input at pos 8.
Input: 9 12 13 14 4 4 13 11 10 8 
Swapping 10 and 1
LRU after swap:
9 10 11 12 0 8 5 14 7 1 

Trying to update LRU with 9
In LRU finded elem 9
All htable elems: 10(10) 9(9) 8(8) 5(5) 14(14) 7(7) 1(1) 12(12) 11(11) 0(0) 

After updating with 9 we have: 
Lru:
9 10 11 12 0 8 5 14 7 1 
Ain1:
6 4 
Ain2:
6 3 10 


Input: 12 13 14 4 4 13 11 10 8 2 
LRU: 9 10 11 12 0 8 5 14 7 1 
No swap request :(
Trying to update LRU with 12
In LRU finded elem 12
All htable elems: 9(9) 10(10) 8(8) 5(5) 14(14) 7(7) 1(1) 12(12) 11(11) 0(0) 

After updating with 12 we have: 
Lru:
12 9 10 11 0 8 5 14 7 1 
Ain1:
6 4 
Ain2:
6 3 10 


Input: 13 14 4 4 13 11 10 8 2 9 
LRU: 12 9 10 11 0 8 5 14 7 1 
No swap request :(

After updating with 13 we have: 
Lru:
12 9 10 11 0 8 5 14 7 1 
Ain1:
13 6 4 
Ain2:
6 3 10 


Input: 14 4 4 13 11 10 8 2 9 8 
LRU: 12 9 10 11 0 8 5 14 7 1 
No swap request :(
Trying to update LRU with 14
In LRU finded elem 14
All htable elems: 9(9) 10(10) 8(8) 5(5) 14(14) 7(7) 12(12) 1(1) 11(11) 0(0) 

After updating with 14 we have: 
Lru:
14 12 9 10 11 0 8 5 7 1 
Ain1:
13 6 4 
Ain2:
6 3 10 


Input: 4 4 13 11 10 8 2 9 8 14 
LRU: 14 12 9 10 11 0 8 5 7 1 
No swap request :(

After updating with 4 we have: 
Lru:
14 12 9 10 11 0 8 5 7 1 
Ain1:
4 13 6 
Ain2:
4 6 3 10 


Input: 4 13 11 10 8 2 9 8 14 13 
LRU: 14 12 9 10 11 0 8 5 7 1 
No swap request :(

After updating with 4 we have: 
Lru:
4 14 12 9 10 11 0 8 5 7 
Ain1:
4 13 6 
Ain2:
6 3 10 


Input: 13 11 10 8 2 9 8 14 13 11 
LRU: 4 14 12 9 10 11 0 8 5 7 
No swap request :(

After updating with 13 we have: 
Lru:
4 14 12 9 10 11 0 8 5 7 
Ain1:
13 4 13 
Ain2:
6 6 3 10 


Input: 11 10 8 2 9 8 14 13 11 2 
LRU: 4 14 12 9 10 11 0 8 5 7 
No swap request :(
Trying to update LRU with 11
In LRU finded elem 11
All htable elems: 4(4) 14(14) 9(9) 10(10) 8(8) 5(5) 7(7) 12(12) 11(11) 0(0) 

After updating with 11 we have: 
Lru:
11 4 14 12 9 10 0 8 5 7 
Ain1:
13 4 13 
Ain2:
6 6 3 10 


Input: 10 8 2 9 8 14 13 11 2 3 
LRU: 11 4 14 12 9 10 0 8 5 7 
No swap request :(
Trying to update LRU with 10
In LRU finded elem 10
All htable elems: 4(4) 14(14) 9(9) 10(10) 8(8) 5(5) 7(7) 12(12) 11(11) 0(0) 

After updating with 10 we have: 
Lru:
10 11 4 14 12 9 0 8 5 7 
Ain1:
13 4 13 
Ain2:
6 6 3 10 


Input: 8 2 9 8 14 13 11 2 3 3 
LRU: 10 11 4 14 12 9 0 8 5 7 
No swap request :(
Trying to update LRU with 8
In LRU finded elem 8
All htable elems: 10(10) 4(4) 14(14) 9(9) 8(8) 5(5) 7(7) 12(12) 11(11) 0(0) 

After updating with 8 we have: 
Lru:
8 10 11 4 14 12 9 0 5 7 
Ain1:
13 4 13 
Ain2:
6 6 3 10 


Input: 2 9 8 14 13 11 2 3 3 9 
LRU: 8 10 11 4 14 12 9 0 5 7 
No swap request :(

After updating with 2 we have: 
Lru:
8 10 11 4 14 12 9 0 5 7 
Ain1:
2 4 
Ain2:
13 6 6 3 10 


Input: 9 8 14 13 11 2 3 3 9 14 
LRU: 8 10 11 4 14 12 9 0 5 7 
No swap request :(
Trying to update LRU with 9
In LRU finded elem 9
All htable elems: 8(8) 10(10) 4(4) 14(14) 9(9) 5(5) 7(7) 12(12) 11(11) 0(0) 

After updating with 9 we have: 
Lru:
9 8 10 11 4 14 12 0 5 7 
Ain1:
2 4 
Ain2:
13 6 6 3 10 


Input: 8 14 13 11 2 3 3 9 14 14 
LRU: 9 8 10 11 4 14 12 0 5 7 
No swap request :(
Trying to update LRU with 8
In LRU finded elem 8
All htable elems: 9(9) 8(8) 10(10) 4(4) 14(14) 5(5) 7(7) 12(12) 11(11) 0(0) 

After updating with 8 we have: 
Lru:
8 9 10 11 4 14 12 0 5 7 
Ain1:
2 4 
Ain2:
13 6 6 3 10 


Input: 14 13 11 2 3 3 9 14 14 11 
LRU: 8 9 10 11 4 14 12 0 5 7 
No swap request :(
Trying to update LRU with 14
In LRU finded elem 14
All htable elems: 8(8) 9(9) 10(10) 4(4) 14(14) 5(5) 7(7) 12(12) 11(11) 0(0) 

After updating with 14 we have: 
Lru:
14 8 9 10 11 4 12 0 5 7 
Ain1:
2 4 
Ain2:
13 6 6 3 10 


Input: 13 11 2 3 3 9 14 14 11 11 
LRU: 14 8 9 10 11 4 12 0 5 7 
No swap request :(

After updating with 13 we have: 
Lru:
13 14 8 9 10 11 4 12 0 5 
Ain1:
2 4 
Ain2:
6 6 3 10 


Input: 11 2 3 3 9 14 14 11 11 7 
LRU: 13 14 8 9 10 11 4 12 0 5 
No swap request :(
Trying to update LRU with 11
In LRU finded elem 11
All htable elems: 13(13) 14(14) 8(8) 9(9) 10(10) 4(4) 5(5) 12(12) 11(11) 0(0) 

After updating with 11 we have: 
Lru:
11 13 14 8 9 10 4 12 0 5 
Ain1:
2 4 
Ain2:
6 6 3 10 


Input: 2 3 3 9 14 14 11 11 7 8 
LRU: 11 13 14 8 9 10 4 12 0 5 
No swap request :(

After updating with 2 we have: 
Lru:
11 13 14 8 9 10 4 12 0 5 
Ain1:
2 2 4 
Ain2:
6 6 3 10 


Input: 3 3 9 14 14 11 11 7 8 14 
LRU: 11 13 14 8 9 10 4 12 0 5 
No swap request :(

After updating with 3 we have: 
Lru:
3 11 13 14 8 9 10 4 12 0 
Ain1:
2 2 4 
Ain2:
6 6 10 


Input: 3 9 14 14 11 11 7 8 14 13 
LRU: 3 11 13 14 8 9 10 4 12 0 
No swap request :(
Trying to update LRU with 3
In LRU finded elem 3
All htable elems: 13(13) 3(3) 14(14) 8(8) 9(9) 10(10) 4(4) 12(12) 11(11) 0(0) 

After updating with 3 we have: 
Lru:
3 11 13 14 8 9 10 4 12 0 
Ain1:
2 2 4 
Ain2:
6 6 10 


Input: 9 14 14 11 11 7 8 14 13 4 
LRU: 3 11 13 14 8 9 10 4 12 0 
No swap request :(
Trying to update LRU with 9
In LRU finded elem 9
All htable elems: 13(13) 3(3) 14(14) 8(8) 9(9) 10(10) 4(4) 12(12) 11(11) 0(0) 

After updating with 9 we have: 
Lru:
9 3 11 13 14 8 10 4 12 0 
Ain1:
2 2 4 
Ain2:
6 6 10 


Input: 14 14 11 11 7 8 14 13 4 0 
LRU: 9 3 11 13 14 8 10 4 12 0 
We finded elem 0 in input at pos 9.
Input: 14 14 11 11 7 8 14 13 4 0 
Swapping 0 and 9
LRU after swap:
0 3 11 13 14 8 10 4 12 9 

Trying to update LRU with 14
In LRU finded elem 14
All htable elems: 9(9) 13(13) 3(3) 14(14) 8(8) 10(10) 4(4) 12(12) 0(0) 11(11) 

After updating with 14 we have: 
Lru:
14 0 3 11 13 8 10 4 12 9 
Ain1:
2 2 4 
Ain2:
6 6 10 


Input: 14 11 11 7 8 14 13 4 0 6 
LRU: 14 0 3 11 13 8 10 4 12 9 
No swap request :(
Trying to update LRU with 14
In LRU finded elem 14
All htable elems: 9(9) 13(13) 14(14) 3(3) 8(8) 10(10) 4(4) 12(12) 0(0) 11(11) 

After updating with 14 we have: 
Lru:
14 0 3 11 13 8 10 4 12 9 
Ain1:
2 2 4 
Ain2:
6 6 10 


Input: 11 11 7 8 14 13 4 0 6 13 
LRU: 14 0 3 11 13 8 10 4 12 9 
No swap request :(
Trying to update LRU with 11
In LRU finded elem 11
All htable elems: 9(9) 13(13) 14(14) 3(3) 8(8) 10(10) 4(4) 12(12) 0(0) 11(11) 

After updating with 11 we have: 
Lru:
11 14 0 3 13 8 10 4 12 9 
Ain1:
2 2 4 
Ain2:
6 6 10 


Input: 11 7 8 14 13 4 0 6 13 4 
LRU: 11 14 0 3 13 8 10 4 12 9 
No swap request :(
Trying to update LRU with 11
In LRU finded elem 11
All htable elems: 9(9) 13(13) 14(14) 3(3) 8(8) 10(10) 4(4) 12(12) 11(11) 0(0) 

After updating with 11 we have: 
Lru:
11 14 0 3 13 8 10 4 12 9 
Ain1:
2 2 4 
Ain2:
6 6 10 


Input: 7 8 14 13 4 0 6 13 4 11 
LRU: 11 14 0 3 13 8 10 4 12 9 
No swap request :(

After updating with 7 we have: 
Lru:
11 14 0 3 13 8 10 4 12 9 
Ain1:
7 2 2 
Ain2:
4 6 6 10 


Input: 8 14 13 4 0 6 13 4 11 4 
LRU: 11 14 0 3 13 8 10 4 12 9 
No swap request :(
Trying to update LRU with 8
In LRU finded elem 8
All htable elems: 9(9) 13(13) 14(14) 3(3) 8(8) 10(10) 4(4) 12(12) 11(11) 0(0) 

After updating with 8 we have: 
Lru:
8 11 14 0 3 13 10 4 12 9 
Ain1:
7 2 2 
Ain2:
4 6 6 10 


Input: 14 13 4 0 6 13 4 11 4 12 
LRU: 8 11 14 0 3 13 10 4 12 9 
No swap request :(
Trying to update LRU with 14
In LRU finded elem 14
All htable elems: 8(8) 9(9) 13(13) 14(14) 3(3) 10(10) 4(4) 12(12) 11(11) 0(0) 

After updating with 14 we have: 
Lru:
14 8 11 0 3 13 10 4 12 9 
Ain1:
7 2 2 
Ain2:
4 6 6 10 


Input: 13 4 0 6 13 4 11 4 12 4 
LRU: 14 8 11 0 3 13 10 4 12 9 
No swap request :(
Trying to update LRU with 13
In LRU finded elem 13
All htable elems: 8(8) 9(9) 13(13) 14(14) 3(3) 10(10) 4(4) 12(12) 11(11) 0(0) 

After updating with 13 we have: 
Lru:
13 14 8 11 0 3 10 4 12 9 
Ain1:
7 2 2 
Ain2:
4 6 6 10 


Input: 4 0 6 13 4 11 4 12 4 14 
LRU: 13 14 8 11 0 3 10 4 12 9 
No swap request :(
Trying to update LRU with 4
In LRU finded elem 4
All htable elems: 13(13) 8(8) 9(9) 14(14) 3(3) 10(10) 4(4) 12(12) 11(11) 0(0) 

After updating with 4 we have: 
Lru:
4 13 14 8 11 0 3 10 12 9 
Ain1:
7 2 2 
Ain2:
4 6 6 10 


Input: 0 6 13 4 11 4 12 4 14 4 
LRU: 4 13 14 8 11 0 3 10 12 9 
No swap request :(
Trying to update LRU with 0
In LRU finded elem 0
All htable elems: 4(4) 13(13) 8(8) 9(9) 14(14) 3(3) 10(10) 12(12) 11(11) 0(0) 

After updating with 0 we have: 
Lru:
0 4 13 14 8 11 3 10 12 9 
Ain1:
7 2 2 
Ain2:
4 6 6 10 


Input: 6 13 4 11 4 12 4 14 4 6 
LRU: 0 4 13 14 8 11 3 10 12 9 
No swap request :(

After updating with 6 we have: 
Lru:
6 0 4 13 14 8 11 3 10 12 
Ain1:
7 2 2 
Ain2:
4 10 


Input: 13 4 11 4 12 4 14 4 6 14 
LRU: 6 0 4 13 14 8 11 3 10 12 
We finded elem 12 in input at pos 4.
Input: 13 4 11 4 12 4 14 4 6 14 
Swapping 12 and 8
LRU after swap:
6 0 4 13 14 12 11 3 10 8 

Trying to update LRU with 13
In LRU finded elem 13
All htable elems: 8(8) 12(12) 6(6) 4(4) 13(13) 14(14) 3(3) 10(10) 0(0) 11(11) 

After updating with 13 we have: 
Lru:
13 6 0 4 14 12 11 3 10 8 
Ain1:
7 2 2 
Ain2:
4 10 


Input: 4 11 4 12 4 14 4 6 14 1 
LRU: 13 6 0 4 14 12 11 3 10 8 
No swap request :(
Trying to update LRU with 4
In LRU finded elem 4
All htable elems: 13(13) 8(8) 12(12) 6(6) 4(4) 14(14) 3(3) 10(10) 0(0) 11(11) 

After updating with 4 we have: 
Lru:
4 13 6 0 14 12 11 3 10 8 
Ain1:
7 2 2 
Ain2:
4 10 


Input: 11 4 12 4 14 4 6 14 1 2 
LRU: 4 13 6 0 14 12 11 3 10 8 
No swap request :(
Trying to update LRU with 11
In LRU finded elem 11
All htable elems: 4(4) 13(13) 8(8) 12(12) 6(6) 14(14) 3(3) 10(10) 0(0) 11(11) 

After updating with 11 we have: 
Lru:
11 4 13 6 0 14 12 3 10 8 
Ain1:
7 2 2 
Ain2:
4 10 


Input: 4 12 4 14 4 6 14 1 2 10 
LRU: 11 4 13 6 0 14 12 3 10 8 
No swap request :(
Trying to update LRU with 4
In LRU finded elem 4
All htable elems: 4(4) 13(13) 8(8) 12(12) 6(6) 14(14) 3(3) 10(10) 11(11) 0(0) 

After updating with 4 we have: 
Lru:
4 11 13 6 0 14 12 3 10 8 
Ain1:
7 2 2 
Ain2:
4 10 


Input: 12 4 14 4 6 14 1 2 10 14 
LRU: 4 11 13 6 0 14 12 3 10 8 
No swap request :(
Trying to update LRU with 12
In LRU finded elem 12
All htable elems: 4(4) 13(13) 8(8) 12(12) 6(6) 14(14) 3(3) 10(10) 11(11) 0(0) 

After updating with 12 we have: 
Lru:
12 4 11 13 6 0 14 3 10 8 
Ain1:
7 2 2 
Ain2:
4 10 


Input: 4 14 4 6 14 1 2 10 14 7 
LRU: 12 4 11 13 6 0 14 3 10 8 
No swap request :(
Trying to update LRU with 4
In LRU finded elem 4
All htable elems: 12(12) 4(4) 13(13) 8(8) 6(6) 14(14) 3(3) 10(10) 11(11) 0(0) 

After updating with 4 we have: 
Lru:
4 12 11 13 6 0 14 3 10 8 
Ain1:
7 2 2 
Ain2:
4 10 


Input: 14 4 6 14 1 2 10 14 7 13 
LRU: 4 12 11 13 6 0 14 3 10 8 
No swap request :(
Trying to update LRU with 14
In LRU finded elem 14
All htable elems: 4(4) 12(12) 13(13) 8(8) 6(6) 14(14) 3(3) 10(10) 11(11) 0(0) 

After updating with 14 we have: 
Lru:
14 4 12 11 13 6 0 3 10 8 
Ain1:
7 2 2 
Ain2:
4 10 


Input: 4 6 14 1 2 10 14 7 13 11 
LRU: 14 4 12 11 13 6 0 3 10 8 
No swap request :(
Trying to update LRU with 4
In LRU finded elem 4
All htable elems: 4(4) 12(12) 13(13) 8(8) 6(6) 14(14) 3(3) 10(10) 11(11) 0(0) 

After updating with 4 we have: 
Lru:
4 14 12 11 13 6 0 3 10 8 
Ain1:
7 2 2 
Ain2:
4 10 


Input: 6 14 1 2 10 14 7 13 11 5 
LRU: 4 14 12 11 13 6 0 3 10 8 
No swap request :(
Trying to update LRU with 6
In LRU finded elem 6
All htable elems: 4(4) 12(12) 13(13) 8(8) 6(6) 14(14) 3(3) 10(10) 11(11) 0(0) 

After updating with 6 we have: 
Lru:
6 4 14 12 11 13 0 3 10 8 
Ain1:
7 2 2 
Ain2:
4 10 


Input: 14 1 2 10 14 7 13 11 5 1 
LRU: 6 4 14 12 11 13 0 3 10 8 
No swap request :(
Trying to update LRU with 14
In LRU finded elem 14
All htable elems: 6(6) 4(4) 12(12) 13(13) 8(8) 14(14) 3(3) 10(10) 11(11) 0(0) 

After updating with 14 we have: 
Lru:
14 6 4 12 11 13 0 3 10 8 
Ain1:
7 2 2 
Ain2:
4 10 


Input: 1 2 10 14 7 13 11 5 1 4 
LRU: 14 6 4 12 11 13 0 3 10 8 
No swap request :(

After updating with 1 we have: 
Lru:
14 6 4 12 11 13 0 3 10 8 
Ain1:
1 7 
Ain2:
2 4 10 


Input: 2 10 14 7 13 11 5 1 4 0 
LRU: 14 6 4 12 11 13 0 3 10 8 
No swap request :(

After updating with 2 we have: 
Lru:
2 14 6 4 12 11 13 0 3 10 
Ain1:
1 7 
Ain2:
4 10 


Input: 10 14 7 13 11 5 1 4 0 1 
LRU: 2 14 6 4 12 11 13 0 3 10 
No swap request :(
Trying to update LRU with 10
In LRU finded elem 10
All htable elems: 6(6) 4(4) 12(12) 2(2) 13(13) 14(14) 3(3) 10(10) 11(11) 0(0) 

After updating with 10 we have: 
Lru:
10 2 14 6 4 12 11 13 0 3 
Ain1:
1 7 
Ain2:
4 10 


Input: 14 7 13 11 5 1 4 0 1 2 
LRU: 10 2 14 6 4 12 11 13 0 3 
No swap request :(
Trying to update LRU with 14
In LRU finded elem 14
All htable elems: 10(10) 6(6) 4(4) 12(12) 2(2) 13(13) 14(14) 3(3) 11(11) 0(0) 

After updating with 14 we have: 
Lru:
14 10 2 6 4 12 11 13 0 3 
Ain1:
1 7 
Ain2:
4 10 


Input: 7 13 11 5 1 4 0 1 2 13 
LRU: 14 10 2 6 4 12 11 13 0 3 
No swap request :(

After updating with 7 we have: 
Lru:
14 10 2 6 4 12 11 13 0 3 
Ain1:
7 1 7 
Ain2:
4 10 


Input: 13 11 5 1 4 0 1 2 13 13 
LRU: 14 10 2 6 4 12 11 13 0 3 
No swap request :(
Trying to update LRU with 13
In LRU finded elem 13
All htable elems: 10(10) 6(6) 4(4) 12(12) 2(2) 13(13) 14(14) 3(3) 11(11) 0(0) 

After updating with 13 we have: 
Lru:
13 14 10 2 6 4 12 11 0 3 
Ain1:
7 1 7 
Ain2:
4 10 


Input: 11 5 1 4 0 1 2 13 13 5 
LRU: 13 14 10 2 6 4 12 11 0 3 
No swap request :(
Trying to update LRU with 11
In LRU finded elem 11
All htable elems: 10(10) 6(6) 4(4) 12(12) 13(13) 2(2) 14(14) 3(3) 11(11) 0(0) 

After updating with 11 we have: 
Lru:
11 13 14 10 2 6 4 12 0 3 
Ain1:
7 1 7 
Ain2:
4 10 


Input: 5 1 4 0 1 2 13 13 5 12 
LRU: 11 13 14 10 2 6 4 12 0 3 
No swap request :(

After updating with 5 we have: 
Lru:
11 13 14 10 2 6 4 12 0 3 
Ain1:
5 1 
Ain2:
7 4 10 


Input: 1 4 0 1 2 13 13 5 12 12 
LRU: 11 13 14 10 2 6 4 12 0 3 
No swap request :(

After updating with 1 we have: 
Lru:
11 13 14 10 2 6 4 12 0 3 
Ain1:
1 5 1 
Ain2:
7 4 10 


Input: 4 0 1 2 13 13 5 12 12 4 
LRU: 11 13 14 10 2 6 4 12 0 3 
No swap request :(
Trying to update LRU with 4
In LRU finded elem 4
All htable elems: 10(10) 6(6) 4(4) 12(12) 13(13) 2(2) 14(14) 3(3) 11(11) 0(0) 

After updating with 4 we have: 
Lru:
4 11 13 14 10 2 6 12 0 3 
Ain1:
1 5 1 
Ain2:
7 4 10 


Input: 0 1 2 13 13 5 12 12 4 6 
LRU: 4 11 13 14 10 2 6 12 0 3 
No swap request :(
Trying to update LRU with 0
In LRU finded elem 0
All htable elems: 4(4) 10(10) 6(6) 12(12) 13(13) 2(2) 14(14) 3(3) 11(11) 0(0) 

After updating with 0 we have: 
Lru:
0 4 11 13 14 10 2 6 12 3 
Ain1:
1 5 1 
Ain2:
7 4 10 


Input: 1 2 13 13 5 12 12 4 6 5 
LRU: 0 4 11 13 14 10 2 6 12 3 
No swap request :(

After updating with 1 we have: 
Lru:
0 4 11 13 14 10 2 6 12 3 
Ain1:
1 5 
Ain2:
1 7 4 10 


Input: 2 13 13 5 12 12 4 6 5 1 
LRU: 0 4 11 13 14 10 2 6 12 3 
No swap request :(
Trying to update LRU with 2
In LRU finded elem 2
All htable elems: 4(4) 10(10) 6(6) 12(12) 13(13) 2(2) 14(14) 3(3) 0(0) 11(11) 

After updating with 2 we have: 
Lru:
2 0 4 11 13 14 10 6 12 3 
Ain1:
1 5 
Ain2:
1 7 4 10 


Input: 13 13 5 12 12 4 6 5 1 7 
LRU: 2 0 4 11 13 14 10 6 12 3 
No swap request :(
Trying to update LRU with 13
In LRU finded elem 13
All htable elems: 4(4) 10(10) 6(6) 12(12) 2(2) 13(13) 14(14) 3(3) 0(0) 11(11) 

After updating with 13 we have: 
Lru:
13 2 0 4 11 14 10 6 12 3 
Ain1:
1 5 
Ain2:
1 7 4 10 


Input: 13 5 12 12 4 6 5 1 7 8 
LRU: 13 2 0 4 11 14 10 6 12 3 
No swap request :(
Trying to update LRU with 13
In LRU finded elem 13
All htable elems: 4(4) 10(10) 6(6) 12(12) 13(13) 2(2) 14(14) 3(3) 0(0) 11(11) 

After updating with 13 we have: 
Lru:
13 2 0 4 11 14 10 6 12 3 
Ain1:
1 5 
Ain2:
1 7 4 10 


Input: 5 12 12 4 6 5 1 7 8 7 
LRU: 13 2 0 4 11 14 10 6 12 3 
No swap request :(

After updating with 5 we have: 
Lru:
13 2 0 4 11 14 10 6 12 3 
Ain1:
5 1 5 
Ain2:
1 7 4 10 


Input: 12 12 4 6 5 1 7 8 7 1 
LRU: 13 2 0 4 11 14 10 6 12 3 
No swap request :(
Trying to update LRU with 12
In LRU finded elem 12
All htable elems: 4(4) 10(10) 6(6) 12(12) 13(13) 2(2) 14(14) 3(3) 0(0) 11(11) 

After updating with 12 we have: 
Lru:
12 13 2 0 4 11 14 10 6 3 
Ain1:
5 1 5 
Ain2:
1 7 4 10 


Input: 12 4 6 5 1 7 8 7 1 6 
LRU: 12 13 2 0 4 11 14 10 6 3 
No swap request :(
Trying to update LRU with 12
In LRU finded elem 12
All htable elems: 12(12) 4(4) 10(10) 6(6) 13(13) 2(2) 14(14) 3(3) 0(0) 11(11) 

After updating with 12 we have: 
Lru:
12 13 2 0 4 11 14 10 6 3 
Ain1:
5 1 5 
Ain2:
1 7 4 10 


Input: 4 6 5 1 7 8 7 1 6 10 
LRU: 12 13 2 0 4 11 14 10 6 3 
No swap request :(
Trying to update LRU with 4
In LRU finded elem 4
All htable elems: 12(12) 4(4) 10(10) 6(6) 13(13) 2(2) 14(14) 3(3) 0(0) 11(11) 

After updating with 4 we have: 
Lru:
4 12 13 2 0 11 14 10 6 3 
Ain1:
5 1 5 
Ain2:
1 7 4 10 


Input: 6 5 1 7 8 7 1 6 10 
LRU: 4 12 13 2 0 11 14 10 6 3 
No swap request :(
Trying to update LRU with 6
In LRU finded elem 6
All htable elems: 4(4) 12(12) 10(10) 6(6) 13(13) 2(2) 14(14) 3(3) 0(0) 11(11) 

After updating with 6 we have: 
Lru:
6 4 12 13 2 0 11 14 10 3 
Ain1:
5 1 5 
Ain2:
1 7 4 10 


Input: 5 1 7 8 7 1 6 10 
LRU: 6 4 12 13 2 0 11 14 10 3 
No swap request :(

After updating with 5 we have: 
Lru:
6 4 12 13 2 0 11 14 10 3 
Ain1:
5 1 
Ain2:
5 1 7 4 10 


Input: 1 7 8 7 1 6 10 
LRU: 6 4 12 13 2 0 11 14 10 3 
No swap request :(

After updating with 1 we have: 
Lru:
1 6 4 12 13 2 0 11 14 10 
Ain1:
5 1 
Ain2:
5 7 4 10 


Input: 7 8 7 1 6 10 
LRU: 1 6 4 12 13 2 0 11 14 10 
We finded elem 10 in input at pos 5.
Input: 7 8 7 1 6 10 
Swapping 10 and 13
LRU after swap:
1 6 4 12 10 2 0 11 14 13 


After updating with 7 we have: 
Lru:
7 1 6 4 12 10 2 0 11 14 
Ain1:
5 1 
Ain2:
5 4 10 


Input: 8 7 1 6 10 
LRU: 7 1 6 4 12 10 2 0 11 14 
No swap request :(

After updating with 8 we have: 
Lru:
7 1 6 4 12 10 2 0 11 14 
Ain1:
8 5 1 
Ain2:
5 4 10 


Input: 7 1 6 10 
LRU: 7 1 6 4 12 10 2 0 11 14 
No swap request :(
Trying to update LRU with 7
In LRU finded elem 7
All htable elems: 7(7) 10(10) 6(6) 4(4) 1(1) 12(12) 2(2) 14(14) 0(0) 11(11) 

After updating with 7 we have: 
Lru:
7 1 6 4 12 10 2 0 11 14 
Ain1:
8 5 1 
Ain2:
5 4 10 


Input: 1 6 10 
LRU: 7 1 6 4 12 10 2 0 11 14 
No swap request :(
Trying to update LRU with 1
In LRU finded elem 1
All htable elems: 7(7) 10(10) 6(6) 4(4) 1(1) 12(12) 2(2) 14(14) 0(0) 11(11) 

After updating with 1 we have: 
Lru:
1 7 6 4 12 10 2 0 11 14 
Ain1:
8 5 1 
Ain2:
5 4 10 


Input: 6 10 
LRU: 1 7 6 4 12 10 2 0 11 14 
No swap request :(
Trying to update LRU with 6
In LRU finded elem 6
All htable elems: 7(7) 10(10) 6(6) 4(4) 1(1) 12(12) 2(2) 14(14) 0(0) 11(11) 

After updating with 6 we have: 
Lru:
6 1 7 4 12 10 2 0 11 14 
Ain1:
8 5 1 
Ain2:
5 4 10 


Input: 10 
LRU: 6 1 7 4 12 10 2 0 11 14 
No swap request :(
Trying to update LRU with 10
In LRU finded elem 10
All htable elems: 6(6) 7(7) 10(10) 4(4) 1(1) 12(12) 2(2) 14(14) 0(0) 11(11) 

After updating with 10 we have: 
Lru:
10 6 1 7 4 12 2 0 11 14 
Ain1:
8 5 1 
Ain2:
5 4 10 


828 hits.
[       OK ] Two_queues.Perfect_caching (63 ms)
[----------] 1 test from Two_queues (63 ms total)

[----------] Global test environment tear-down
[==========] 1 test from 1 test suite ran. (63 ms total)
[  PASSED  ] 1 test.
<end of output>
Test time =   0.84 sec
----------------------------------------------------------
Test Passed.
"Two_queues.Perfect_caching" end time: Feb 28 17:28 MSK
"Two_queues.Perfect_caching" time elapsed: 00:00:00
----------------------------------------------------------

8/8 Testing: Two_queue.multimap
8/8 Test: Two_queue.multimap
Command: ""
Directory: /Users/xmickos/Desktop/govno.jopa.kosmos/Programming/Vladimirov/2Q_Cache/build
"Two_queue.multimap" start time: 
Output:
----------------------------------------------------------
<end of output>
Test time =   0.00 sec
----------------------------------------------------------
Test Passed.
"Two_queue.multimap" end time: Feb 28 17:28 MSK
"Two_queue.multimap" time elapsed: 00:00:00
----------------------------------------------------------

End testing: Feb 28 17:28 MSK
